lo0: flags=8049<UP,LOOPBACK,RUNNING,MULTICAST> mtu 16384
	options=1203<RXCSUM,TXCSUM,TXSTATUS,SW_TIMESTAMP>
	inet 127.0.0.1 netmask 0xff000000 
	inet6 ::1 prefixlen 128 
	inet6 fe80::1%lo0 prefixlen 64 scopeid 0x1 
	nd6 options=201<PERFORMNUD,DAD>
gif0: flags=8010<POINTOPOINT,MULTICAST> mtu 1280
stf0: flags=0<> mtu 1280
en0: flags=8863<UP,BROADCAST,SMART,RUNNING,SIMPLEX,MULTICAST> mtu 1500
	ether 7c:d1:c3:f7:ee:05 
	inet6 fe80::6a:327e:d104:41e0%en0 prefixlen 64 secured scopeid 0x4 
	inet 192.168.1.26 netmask 0xffffff00 broadcast 192.168.1.255
	nd6 options=201<PERFORMNUD,DAD>
	media: autoselect
	status: active
en1: flags=963<UP,BROADCAST,SMART,RUNNING,PROMISC,SIMPLEX> mtu 1500
	options=60<TSO4,TSO6>
	ether 32:00:18:05:fc:20 
	media: autoselect <full-duplex>
	status: inactive
p2p0: flags=8843<UP,BROADCAST,RUNNING,SIMPLEX,MULTICAST> mtu 2304
	ether 0e:d1:c3:f7:ee:05 
	media: autoselect
	status: inactive
awdl0: flags=8943<UP,BROADCAST,RUNNING,PROMISC,SIMPLEX,MULTICAST> mtu 1484
	ether 62:de:57:ed:6b:e0 
	inet6 fe80::60de:57ff:feed:6be0%awdl0 prefixlen 64 scopeid 0x7 
	nd6 options=201<PERFORMNUD,DAD>
	media: autoselect
	status: active
bridge0: flags=8863<UP,BROADCAST,SMART,RUNNING,SIMPLEX,MULTICAST> mtu 1500
	options=63<RXCSUM,TXCSUM,TSO4,TSO6>
	ether 32:00:18:05:fc:20 
	Configuration:
		id 0:0:0:0:0:0 priority 0 hellotime 0 fwddelay 0
		maxage 0 holdcnt 0 proto stp maxaddr 100 timeout 1200
		root id 0:0:0:0:0:0 priority 0 ifcost 0 port 0
		ipfilter disabled flags 0x2
	member: en1 flags=3<LEARNING,DISCOVER>
	        ifmaxaddr 0 port 5 priority 0 path cost 0
	nd6 options=201<PERFORMNUD,DAD>
	media: <unknown type>
	status: inactive
utun0: flags=8051<UP,POINTOPOINT,RUNNING,MULTICAST> mtu 2000
	inet6 fe80::88e8:f45c:ea24:a767%utun0 prefixlen 64 scopeid 0x9 
	nd6 options=201<PERFORMNUD,DAD>
