total 104104
drwxr-xr-x  1058 root   wheel     35972 Jan 29  2017 .
drwxr-xr-x@   10 root   wheel       340 Jan 29  2017 ..
-rwxr-xr-x     5 root   wheel       925 Jul 31  2016 2to3
-rwxr-xr-x     5 root   wheel       925 Jul 31  2016 2to3-
lrwxr-xr-x     1 root   wheel        74 Nov  1  2016 2to3-2.7 -> ../../System/Library/Frameworks/Python.framework/Versions/2.7/bin/2to3-2.7
lrwxr-xr-x     1 root   wheel        73 Nov  1  2016 2to32.6 -> ../../System/Library/Frameworks/Python.framework/Versions/2.6/bin/2to32.6
-rwxr-xr-x     1 root   wheel     43456 Jan 13  2017 AssetCacheLocatorUtil
-rwxr-xr-x     1 root   wheel     18256 Jan 13  2017 BuildStrings
-rwxr-xr-x     1 root   wheel     18240 Jan 13  2017 CpMac
-rwxr-xr-x     1 root   wheel     18240 Jan 13  2017 DeRez
-rwxr-xr-x     1 root   wheel     18256 Jan 13  2017 GetFileInfo
-rwxr-xr-x     1 root   wheel     78048 Jan 13  2017 IOAccelMemory
-rwxr-xr-x     1 root   wheel     18256 Jan 13  2017 MergePef
-rwxr-xr-x     1 root   wheel     18240 Jan 13  2017 MvMac
-rwxr-xr-x     1 root   wheel     18256 Jan 13  2017 ResMerger
-rwxr-xr-x     1 root   wheel     18240 Jan 13  2017 Rez
-rwxr-xr-x     1 root   wheel     18256 Jan 13  2017 RezDet
-rwxr-xr-x     1 root   wheel     18256 Jan 13  2017 RezWack
-rwxr-xr-x     1 root   wheel     18256 Jan 13  2017 SetFile
-rwxr-xr-x     1 root   wheel     18256 Jan 13  2017 SplitForks
-rwxr-xr-x     1 root   wheel     18256 Jan 13  2017 UnRezWack
-rwxr-xr-x     1 root   wheel     66560 Jan 13  2017 a2p
-rwxr-xr-x     1 root   wheel    229920 Jan 13  2017 a2p5.16
-rwxr-xr-x     1 root   wheel    229920 Jan 13  2017 a2p5.18
-rwxr-xr-x     1 root   wheel     33760 Sep 14  2016 addftinfo
-rwxr-xr-x     1 root   wheel     46688 Jan 13  2017 afclip
-rwxr-xr-x     1 root   wheel    106608 Jan 13  2017 afconvert
-rwxr-xr-x     1 root   wheel     37008 Jan 13  2017 afhash
-rwxr-xr-x     1 root   wheel     75696 Jan 13  2017 afida
-rwxr-xr-x     1 root   wheel     83392 Jan 13  2017 afinfo
-rwxr-xr-x     1 root   wheel    162321 Jul 30  2016 afmtodit
-rwxr-xr-x     1 root   wheel     38304 Jan 13  2017 afplay
-rwxr-xr-x     1 root   wheel     41744 Jan 13  2017 afscexpand
-rwxr-xr-x     1 root   wheel     30048 Jan 13  2017 agentxtrap
-rwxr-xr-x     1 root   wheel     18256 Jan 13  2017 agvtool
-rwxr-xr-x    15 root   wheel       190 Jul 30  2016 alias
-rwxr-xr-x     1 root   wheel     37040 Jan 13  2017 applesingle
lrwxr-xr-x     1 root   wheel        82 Nov  1  2016 appletviewer -> /System/Library/Frameworks/JavaVM.framework/Versions/Current/Commands/appletviewer
-rwxr-xr-x     1 root   wheel     18912 Sep 14  2016 apply
-r-xr-xr-x     1 root   wheel      1808 Jul 31  2016 apropos
lrwxr-xr-x     1 root   wheel        73 Nov  1  2016 apt -> /System/Library/Frameworks/JavaVM.framework/Versions/Current/Commands/apt
-rwxr-xr-x     1 root   wheel     18240 Jan 13  2017 ar
-rwxr-xr-x     1 root   wheel     66736 Jan 13  2017 arch
-rwxr-xr-x     1 root   wheel     18240 Jan 13  2017 as
-rwxr-xr-x     1 root   wheel     18240 Jan 13  2017 asa
-rwxr-xr-x     1 root   wheel    144272 Jan 13  2017 asctl
-rwxr-xr-x     1 root   wheel    850272 Jan 13  2017 assetutil
-r-sr-xr-x     1 root   wheel     83584 Jan 13  2017 at
-rwxr-xr-x     1 root   wheel     66800 Jan 13  2017 atos
-r-sr-xr-x     1 root   wheel     83584 Jan 13  2017 atq
-r-sr-xr-x     1 root   wheel     83584 Jan 13  2017 atrm
-rwxr-xr-x     1 root   wheel     28880 Jan 13  2017 atsutil
-rwxr-xr-x     1 root   wheel     38656 Jan 13  2017 automator
-r-xr-xr-x     1 root   wheel       195 Oct 11  2016 auval
-rwxr-xr-x     1 root   wheel    273456 Jan 13  2017 auvaltool
-rwxr-xr-x     1 root   wheel     61088 Jan 13  2017 avbdiagnose
-rwxr-xr-x     1 root   wheel     50928 Jan 13  2017 avbutil
-rwxr-xr-x     1 root   wheel     95072 Jan 13  2017 avconvert
-rwxr-xr-x     1 root   wheel     33392 Jan 13  2017 avmetareadwrite
-rwxr-xr-x     1 root   wheel    112384 Jan 13  2017 awk
-rwxr-xr-x     1 root   wheel     31056 Sep 14  2016 banner
-rwxr-xr-x     1 root   wheel     23216 Sep 14  2016 base64
-rwxr-xr-x     1 root   wheel     18256 Sep 14  2016 basename
-r-xr-xr-x     1 root   wheel      6574 Jul 30  2016 bashbug
-r-sr-xr-x     1 root   wheel     83584 Jan 13  2017 batch
-rwxr-xr-x     1 root   wheel     85280 Sep 14  2016 bc
-rwxr-xr-x    15 root   wheel       190 Jul 30  2016 bg
-rwxr-xr-x     1 root   wheel     18176 Sep 14  2016 biff
-rwxr-xr-x     1 root   wheel     45712 Jan 13  2017 binhex
-rwxr-xr-x    35 root   wheel       811 Jul 31  2016 binhex.pl
-r-xr-xr-x     1 root   wheel      3941 Jul 31  2016 binhex5.18.pl
-rwxr-xr-x     1 root   wheel    122608 Jan 13  2017 bioutil
-rwxr-xr-x     1 root   wheel     18240 Jan 13  2017 bison
-rwxr-xr-x     1 root   wheel      1958 Aug 30  2016 bitesize.d
-rwxr-xr-x     1 root   wheel    197792 Jan 13  2017 brctl
-rwxr-xr-x     1 root   wheel     70960 Jan 13  2017 bsdtar
-rwxr-xr-x     1 root   wheel     18656 Sep 14  2016 bspatch
-rwxr-xr-x     1 root   wheel      8708 Jul 31  2016 btmmdiagnose
-rwxr-xr-x     1 root   wheel     41232 Sep 14  2016 bunzip2
-rwxr-xr-x     1 root   wheel     41232 Sep 14  2016 bzcat
lrwxr-xr-x     1 root   wheel         6 Nov  1  2016 bzcmp -> bzdiff
-rwxr-xr-x     1 root   wheel      2101 Aug  2  2016 bzdiff
-rwxr-xr-x     1 root   wheel     33872 Jan 13  2017 bzegrep
-rwxr-xr-x     1 root   wheel     33872 Jan 13  2017 bzfgrep
-rwxr-xr-x     1 root   wheel     33872 Jan 13  2017 bzgrep
-rwxr-xr-x     1 root   wheel     41232 Sep 14  2016 bzip2
-rwxr-xr-x     1 root   wheel     22800 Sep 14  2016 bzip2recover
lrwxr-xr-x     1 root   wheel         6 Nov  1  2016 bzless -> bzmore
-rwxr-xr-x     1 root   wheel      1259 Aug  2  2016 bzmore
lrwxr-xr-x     1 root   wheel         7 Nov  1  2016 c++ -> clang++
-rwxr-xr-x     1 root   wheel    447648 Sep 14  2016 c++filt
-rwxr-xr-x    38 root   wheel       811 Jul 31  2016 c2ph
-rwxr-xr-x     1 root   wheel     36642 Jul 31  2016 c2ph5.16
-rwxr-xr-x     1 root   wheel     36642 Jul 31  2016 c2ph5.18
-rwxr-xr-x     1 root   wheel     18240 Jan 13  2017 c89
-rwxr-xr-x     1 root   wheel     18240 Jan 13  2017 c99
-rwxr-xr-x     1 root   wheel      3697 Jul 30  2016 c_rehash
-rwxr-xr-x     1 root   wheel     24384 Jan 13  2017 caffeinate
-r-xr-xr-x     1 root   wheel     31824 Sep 14  2016 cal
-r-xr-xr-x     1 root   wheel     33600 Sep 14  2016 calendar
-r-xr-xr-x     1 root   wheel     23680 Jan 13  2017 cancel
-rwxr-xr-x     1 root   wheel     18656 Sep 14  2016 cap_mkdb
lrwxr-xr-x     1 root   wheel         3 Nov  1  2016 captoinfo -> tic
lrwxr-xr-x     1 root   wheel         5 Nov  1  2016 cc -> clang
-rwxr-xr-x    15 root   wheel       190 Jul 30  2016 cd
-rwxr-xr-x     1 root   wheel     97344 Jan 13  2017 certtool
-rwxr-xr-x     1 root   wheel     26864 Sep 14  2016 checknr
-rwxr-xr-x     1 root   wheel     18704 Jan 13  2017 chflags
-rwxr-xr-x     1 root   wheel     73744 Jan 13  2017 chfn
-rwxr-xr-x     1 root   wheel     23248 Jan 13  2017 chgrp
-rwxr-xr-x     1 root   wheel     73744 Jan 13  2017 chpass
-rwxr-xr-x     1 root   wheel     73744 Jan 13  2017 chsh
-rwxr-xr-x     1 root   wheel     22640 Jan 13  2017 cksum
-rwxr-xr-x     1 root   wheel     18240 Jan 13  2017 clang
-rwxr-xr-x     1 root   wheel     18256 Jan 13  2017 clang++
-rwxr-xr-x     1 root   wheel     17952 Jan 13  2017 clear
-rwxr-xr-x     1 root   wheel     32608 Sep 14  2016 cmp
-rwxr-xr-x     1 root   wheel     18256 Jan 13  2017 cmpdylib
-rwxr-xr-x     1 root   wheel    105712 Jan 13  2017 codesign
-rwxr-xr-x     1 root   wheel     18288 Jan 13  2017 codesign_allocate
-rwxr-xr-x     1 root   wheel     22848 Sep 14  2016 col
-rwxr-xr-x     1 root   wheel     18528 Sep 14  2016 colcrt
-rwxr-xr-x     1 root   wheel     57488 Sep 14  2016 colldef
-rwxr-xr-x     1 root   wheel     18432 Sep 14  2016 colrm
-rwxr-xr-x     1 root   wheel     23408 Sep 14  2016 column
-rwxr-xr-x     1 root   wheel     18544 Sep 14  2016 comm
-rwxr-xr-x    15 root   wheel       190 Jul 30  2016 command
-rwxr-xr-x     1 root   wheel     27680 Jan 13  2017 compress
-rwxr-xr-x    38 root   wheel       811 Jul 31  2016 config_data
-rwxr-xr-x     1 root   wheel      7266 Jul 31  2016 config_data5.16
-rwxr-xr-x     1 root   wheel      7265 Jul 31  2016 config_data5.18
-rwxr-xr-x    38 root   wheel       811 Jul 31  2016 corelist
-rwxr-xr-x     1 root   wheel     10292 Jul 31  2016 corelist5.16
-rwxr-xr-x     1 root   wheel     12790 Jul 31  2016 corelist5.18
-rwxr-xr-x    38 root   wheel       811 Jul 31  2016 cpan
-rwxr-xr-x    38 root   wheel       811 Jul 31  2016 cpan2dist
-rwxr-xr-x     1 root   wheel     21859 Jul 31  2016 cpan2dist5.16
-rwxr-xr-x     1 root   wheel     21859 Jul 31  2016 cpan2dist5.18
-rwxr-xr-x     1 root   wheel      5129 Jul 31  2016 cpan5.16
-rwxr-xr-x     1 root   wheel      5895 Jul 31  2016 cpan5.18
-rwxr-xr-x    38 root   wheel       811 Jul 31  2016 cpanp
-rwxr-xr-x    38 root   wheel       811 Jul 31  2016 cpanp-run-perl
-rwxr-xr-x     1 root   wheel       580 Jul 31  2016 cpanp-run-perl5.16
-rwxr-xr-x     1 root   wheel       580 Jul 31  2016 cpanp-run-perl5.18
-rwxr-xr-x     1 root   wheel      3433 Jul 31  2016 cpanp5.16
-rwxr-xr-x     1 root   wheel      3433 Jul 31  2016 cpanp5.18
-rwxr-xr-x     1 root   wheel     42896 Jan 13  2017 cpio
-rwxr-xr-x     1 root   wheel     18240 Jan 13  2017 cpp
-rwxr-xr-x     1 root   wheel      1402 Aug 30  2016 cpu_profiler.d
-rwxr-xr-x     1 root   wheel      1540 Aug 30  2016 cpuwalk.d
-rwxr-xr-x    35 root   wheel       811 Jul 31  2016 crc32
-r-xr-xr-x     1 root   wheel       798 Jul 31  2016 crc325.16
-r-xr-xr-x     1 root   wheel       871 Jul 31  2016 crc325.18
-rwxr-xr-x     1 root   wheel       342 Aug 30  2016 creatbyproc.d
-rwxr-xr-x     1 root   wheel     37088 Jan 13  2017 crlrefresh
-rwsr-xr-x     1 root   wheel     39152 Sep 14  2016 crontab
-rwxr-xr-x     1 root   wheel     14990 Jul 31  2016 csdiagnose
-rwxr-xr-x     1 root   wheel    567584 Jan 13  2017 csgather
-rwxr-xr-x     1 root   wheel     23968 Sep 14  2016 csplit
-rwxr-xr-x     1 root   wheel     39200 Jan 13  2017 csreq
-rwxr-xr-x     1 root   wheel     29600 Jan 13  2017 csrutil
-rwxr-xr-x     1 root   wheel     18240 Jan 13  2017 ctags
-rwxr-xr-x     1 root   wheel     18256 Jan 13  2017 ctf_insert
-r-xr-xr-x     1 _uucp  wheel    137424 Sep 14  2016 cu
-r-xr-xr-x     1 root   wheel      3038 Jul 31  2016 cups-config
-r-xr-xr-x     1 root   wheel     22976 Jan 13  2017 cupstestdsc
-r-xr-xr-x     1 root   wheel     63312 Jan 13  2017 cupstestppd
-rwxr-xr-x     1 root   wheel    176656 Jan 13  2017 curl
-rwxr-xr-x     1 root   wheel      4092 Nov  9  2016 curl-config
-rwxr-xr-x     1 root   wheel     23664 Sep 14  2016 cut
lrwxr-xr-x     1 root   wheel        59 Nov  1  2016 cvaffinity -> /System/Library/Filesystems/acfs.fs/Contents/bin/cvaffinity
lrwxr-xr-x     1 root   wheel        53 Nov  1  2016 cvcp -> /System/Library/Filesystems/acfs.fs/Contents/bin/cvcp
lrwxr-xr-x     1 root   wheel        56 Nov  1  2016 cvmkdir -> /System/Library/Filesystems/acfs.fs/Contents/bin/cvmkdir
lrwxr-xr-x     1 root   wheel        57 Nov  1  2016 cvmkfile -> /System/Library/Filesystems/acfs.fs/Contents/bin/cvmkfile
-rwxr-xr-x     1 root   wheel      7161 Dec 23  2016 dappprof
-rwxr-xr-x     1 root   wheel      7876 Dec 23  2016 dapptrace
-rwxr-xr-x     1 root   wheel    269520 Jan 13  2017 darwinup
-r-xr-xr-x     1 root   wheel   2067984 Jan 13  2017 db_archive
-r-xr-xr-x     1 root   wheel   2068032 Jan 13  2017 db_checkpoint
-r-xr-xr-x     1 root   wheel   2092608 Jan 13  2017 db_codegen
-r-xr-xr-x     1 root   wheel   2068032 Jan 13  2017 db_deadlock
-r-xr-xr-x     1 root   wheel   2068096 Jan 13  2017 db_dump
-r-xr-xr-x     1 root   wheel   2076384 Jan 13  2017 db_hotbackup
-r-xr-xr-x     1 root   wheel   2084976 Jan 13  2017 db_load
-r-xr-xr-x     1 root   wheel   2143568 Jan 13  2017 db_printlog
-r-xr-xr-x     1 root   wheel   2068128 Jan 13  2017 db_recover
-r-xr-xr-x     1 root   wheel   2067984 Jan 13  2017 db_stat
-r-xr-xr-x     1 root   wheel   2067984 Jan 13  2017 db_upgrade
-r-xr-xr-x     1 root   wheel   2068000 Jan 13  2017 db_verify
-rwxr-xr-x    35 root   wheel       811 Jul 31  2016 dbicadmin
-r-xr-xr-x     1 root   wheel      7078 Jul 31  2016 dbicadmin5.16
-r-xr-xr-x     1 root   wheel      7195 Jul 31  2016 dbicadmin5.18
-rwxr-xr-x    35 root   wheel       811 Jul 31  2016 dbilogstrip
-r-xr-xr-x     1 root   wheel      1469 Jul 31  2016 dbilogstrip5.16
-r-xr-xr-x     1 root   wheel      1469 Jul 31  2016 dbilogstrip5.18
-rwxr-xr-x    35 root   wheel       811 Jul 31  2016 dbiprof
-r-xr-xr-x     1 root   wheel      6305 Jul 31  2016 dbiprof5.16
-r-xr-xr-x     1 root   wheel      6295 Jul 31  2016 dbiprof5.18
-rwxr-xr-x    35 root   wheel       811 Jul 31  2016 dbiproxy
-r-xr-xr-x     1 root   wheel      5486 Jul 31  2016 dbiproxy5.16
-r-xr-xr-x     1 root   wheel      5479 Jul 31  2016 dbiproxy5.18
-rwxr-xr-x     1 root   wheel     46144 Sep 14  2016 dc
-rwxr-xr-x    35 root   wheel       811 Jul 31  2016 debinhex.pl
-r-xr-xr-x     1 root   wheel      5882 Jul 31  2016 debinhex5.18.pl
-rwxr-xr-x     1 root   wheel     39376 Jan 13  2017 defaults
-rwxr-xr-x     1 root   wheel     18240 Jan 13  2017 desdp
-rwxr-xr-x     1 root   wheel    109600 Sep 14  2016 diff
-rwxr-xr-x     1 root   wheel     37024 Sep 14  2016 diff3
-rwxr-xr-x     1 root   wheel     41056 Sep 14  2016 diffstat
-rwxr-xr-x     1 root   wheel   1565152 Sep 14  2016 dig
-rwxr-xr-x     1 root   wheel     18080 Sep 14  2016 dirname
-rwxr-xr-x     1 root   wheel      2515 Aug 30  2016 diskhits
-rwxr-xr-x     1 root   wheel      1290 Aug 30  2016 dispqlen.d
-rwxr-xr-x     1 root   wheel     34496 Sep 14  2016 ditto
-rwxr-xr-x     1 root   wheel     57600 Jan 13  2017 dns-sd
-rwxr-xr-x     1 root   wheel    271920 Jan 13  2017 drutil
-rwxr-xr-x     1 root   wheel     34080 Sep 14  2016 dscacheutil
-rwxr-xr-x     1 root   wheel    202464 Sep 14  2016 dscl
-rwxr-xr-x     1 root   wheel     17968 Sep 14  2016 dserr
-rwxr-xr-x     1 root   wheel     33248 Sep 14  2016 dsexport
-rwxr-xr-x     1 root   wheel     83808 Sep 14  2016 dsimport
-rwxr-xr-x     1 root   wheel     27728 Sep 14  2016 dsmemberutil
-rwxr-xr-x     1 root   wheel     18256 Jan 13  2017 dsymutil
-rwxr-xr-x     1 root   wheel     29431 Dec 23  2016 dtruss
-rwxr-xr-x     1 root   wheel     23552 Jan 13  2017 du
-rwxr-xr-x     1 root   wheel     18256 Jan 13  2017 dwarfdump
-rwxr-xr-x     2 root   wheel       925 Jul 31  2016 easy_install
-rwxr-xr-x     1 root   wheel       454 Jul 31  2016 easy_install-2.6
-rwxr-xr-x     1 root   wheel       458 Jul 31  2016 easy_install-2.7
-rwxr-xr-x     1 root   wheel     33872 Jan 13  2017 egrep
-r-xr-xr-x     1 root   wheel  33039360 Jan 13  2017 emacs
-rwxr-xr-x     1 root   wheel   3193952 Sep 14  2016 emacs-undumped
-rwxr-xr-x     1 root   wheel     32912 Sep 14  2016 emacsclient
-rwxr-xr-x    38 root   wheel       811 Jul 31  2016 enc2xs
-rwxr-xr-x     1 root   wheel     39189 Jul 31  2016 enc2xs5.16
-rwxr-xr-x     1 root   wheel     39189 Jul 31  2016 enc2xs5.18
-rwxr-xr-x     1 root   wheel     28752 Jan 13  2017 encode_keychange
-rwxr-xr-x     1 root   wheel     23456 Sep 14  2016 env
-rwxr-xr-x     1 root   wheel    145024 Sep 14  2016 eqn
-r-xr-xr-x     1 root   wheel      4447 Jul 31  2016 erb
-rwxr-xr-x     1 root   wheel      4516 Aug 30  2016 errinfo
-rwxr-xr-x     1 root   wheel    107248 Sep 14  2016 etags
lrwxr-xr-x     1 root   wheel         3 Nov  1  2016 ex -> vim
-rwxr-xr-x     1 root   wheel      5149 Aug 30  2016 execsnoop
-rwxr-xr-x     1 root   wheel     18544 Sep 14  2016 expand
-r-xr-xr-x     1 root   wheel     51616 Jan 13  2017 expect
lrwxr-xr-x     1 root   wheel        78 Nov  1  2016 extcheck -> /System/Library/Frameworks/JavaVM.framework/Versions/Current/Commands/extcheck
-rwxr-xr-x    35 root   wheel       811 Jul 31  2016 eyapp
-r-xr-xr-x     1 root   wheel     12841 Jul 31  2016 eyapp5.16
-r-xr-xr-x     1 root   wheel     12841 Jul 31  2016 eyapp5.18
-rwxr-xr-x     1 root   wheel     17760 Sep 14  2016 false
-rwxr-xr-x    15 root   wheel       190 Jul 30  2016 fc
-rwxr-xr-x     1 root   wheel      2668 Aug 30  2016 fddist
-rwxr-xr-x     1 root   wheel    189968 Jan 13  2017 fdesetup
-rwxr-xr-x    15 root   wheel       190 Jul 30  2016 fg
-rwxr-xr-x     1 root   wheel     33872 Jan 13  2017 fgrep
-rwxr-xr-x     1 root   wheel    245648 Jan 13  2017 file
-rwxr-xr-x     1 root   wheel       272 Aug 30  2016 filebyproc.d
-rwxr-xr-x     1 root   wheel    123728 Jan 13  2017 filtercalltree
-rwxr-xr-x     1 root   wheel     51728 Sep 14  2016 find
-rwxr-xr-x    38 root   wheel       811 Jul 31  2016 find2perl
-rwxr-xr-x     1 root   wheel     23634 Jul 31  2016 find2perl5.16
-rwxr-xr-x     1 root   wheel     23634 Jul 31  2016 find2perl5.18
-rwxr-xr-x    35 root   wheel       811 Jul 31  2016 findrule
-r-xr-xr-x     1 root   wheel      3418 Jul 31  2016 findrule5.16
-r-xr-xr-x     1 root   wheel      3418 Jul 31  2016 findrule5.18
-rwxr-xr-x     1 root   wheel     33856 Sep 14  2016 finger
-rwxr-xr-x     1 root   wheel     15523 Jul 31  2016 fixproc
-rwxr-xr-x     1 root   wheel     18240 Jan 13  2017 flex
-rwxr-xr-x     1 root   wheel     18256 Jan 13  2017 flex++
-rwxr-xr-x     1 root   wheel     23152 Sep 14  2016 fmt
-rwxr-xr-x     1 root   wheel     18752 Sep 14  2016 fold
lrwxr-xr-x     1 root   wheel       126 Nov  1  2016 fontrestore -> ../../System/Library/Frameworks/ApplicationServices.framework/Versions/A/Frameworks/ATS.framework/Versions/A/Support/fontmover
-rwxr-xr-x     1 root   wheel    115664 Jan 13  2017 footprint
-rwxr-xr-x    35 root   wheel       811 Jul 31  2016 format-sql
-r-xr-xr-x     1 root   wheel       448 Jul 31  2016 format-sql5.16
-r-xr-xr-x     1 root   wheel       448 Jul 31  2016 format-sql5.18
-rwxr-xr-x     1 root   wheel     18720 Sep 14  2016 from
-rwxr-xr-x     1 root   wheel     60112 Jan 13  2017 fs_usage
-r-xr-xr-x     1 root   wheel    161680 Sep 14  2016 ftp
-rwxr-xr-x     1 root   wheel     35424 Jan 13  2017 funzip
-r-xr-xr-x     1 root   wheel      2610 Jul 30  2016 fuser
-rwxr-xr-x     1 root   wheel     33856 Sep 14  2016 fwkdp
-rwxr-xr-x     1 root   wheel     42272 Sep 14  2016 fwkpfv
-rwxr-xr-x     1 root   wheel     18240 Jan 13  2017 g++
-rwxr-xr-x     1 root   wheel     18288 Jan 13  2017 gatherheaderdoc
-rwxr-xr-x     1 root   wheel     18240 Jan 13  2017 gcc
-rwxr-xr-x     1 root   wheel    117968 Jan 13  2017 gcore
-rwxr-xr-x     1 root   wheel     18240 Jan 13  2017 gcov
-rwxr-xr-x     1 root   wheel      7198 Jul 30  2016 gdiffmk
-r-xr-xr-x     1 root   wheel       596 Jul 31  2016 gem
-r-xr-xr-x     1 root   wheel     80634 Jul 31  2016 gen_bridge_metadata
-rwxr-xr-x     1 root   wheel     27488 Sep 14  2016 gencat
-rwxr-xr-x     1 root   wheel     18256 Jan 13  2017 genstrings
-rwxr-xr-x     1 root   wheel     63792 Jan 13  2017 getconf
-rwxr-xr-x     1 root   wheel     17952 Sep 14  2016 getopt
-rwxr-xr-x    15 root   wheel       190 Jul 30  2016 getopts
-rwxr-xr-x     1 root   wheel     18240 Jan 13  2017 git
-rwxr-xr-x     1 root   wheel     18272 Jan 13  2017 git-cvsserver
-rwxr-xr-x     1 root   wheel     18288 Jan 13  2017 git-receive-pack
-rwxr-xr-x     1 root   wheel     18256 Jan 13  2017 git-shell
-rwxr-xr-x     1 root   wheel     18288 Jan 13  2017 git-upload-archive
-rwxr-xr-x     1 root   wheel     18288 Jan 13  2017 git-upload-pack
-rwxr-xr-x     1 root   wheel     18240 Jan 13  2017 gm4
-rwxr-xr-x     1 root   wheel       849 Jul 30  2016 gnuattach
-rwxr-xr-x     1 root   wheel     33088 Sep 14  2016 gnuclient
-rwxr-xr-x     1 root   wheel      1039 Jul 30  2016 gnudoit
-rwxr-xr-x     1 root   wheel     18256 Jan 13  2017 gnumake
-rwxr-xr-x     1 root   wheel     28944 Sep 14  2016 gnuserv
-rwxr-xr-x     1 root   wheel     18240 Jan 13  2017 gperf
-rwxr-xr-x     1 root   wheel     33872 Jan 13  2017 grep
-rwxr-xr-x     1 root   wheel     68112 Sep 14  2016 grn
-rwxr-xr-x     1 root   wheel     87296 Sep 14  2016 grodvi
-rwxr-xr-x     1 root   wheel     72352 Sep 14  2016 groff
-rwxr-xr-x     1 root   wheel      7074 Jul 30  2016 groffer
-rwxr-xr-x     1 root   wheel      2471 Jul 30  2016 grog
-rwxr-xr-x     1 root   wheel     90912 Sep 14  2016 grolbp
-rwxr-xr-x     1 root   wheel     82720 Sep 14  2016 grolj4
-rwxr-xr-x     1 root   wheel    120752 Sep 14  2016 grops
-rwxr-xr-x     1 root   wheel     82896 Sep 14  2016 grotty
-rwxr-xr-x     1 root   wheel     23216 Jan 13  2017 groups
-rwxr-xr-x     1 root   wheel     52976 Jan 13  2017 gunzip
-rwxr-xr-x     1 root   wheel     52976 Jan 13  2017 gzcat
-rwxr-xr-x     1 root   wheel      4085 Aug 19  2016 gzexe
-rwxr-xr-x     1 root   wheel     46992 Jan 13  2017 gzip
-rwxr-xr-x    38 root   wheel       811 Jul 31  2016 h2ph
-rwxr-xr-x     1 root   wheel     28167 Jul 31  2016 h2ph5.16
-rwxr-xr-x     1 root   wheel     28167 Jul 31  2016 h2ph5.18
-rwxr-xr-x    38 root   wheel       811 Jul 31  2016 h2xs
-rwxr-xr-x     1 root   wheel     60600 Jul 31  2016 h2xs5.16
-rwxr-xr-x     1 root   wheel     60725 Jul 31  2016 h2xs5.18
-rwxr-xr-x    15 root   wheel       190 Jul 30  2016 hash
-rwxr-xr-x     1 root   wheel     17888 Jan 13  2017 hdid
-rwxr-xr-x     1 root   wheel    353280 Jan 13  2017 hdiutil
-rwxr-xr-x     1 root   wheel     18256 Jan 13  2017 hdxml2manxml
-rwxr-xr-x     1 root   wheel     18864 Sep 14  2016 head
-rwxr-xr-x     1 root   wheel     18288 Jan 13  2017 headerdoc2html
-rwxr-xr-x     1 root   wheel     70720 Jan 13  2017 heap
-rwxr-xr-x     1 root   wheel     83904 Jan 13  2017 heap32
-rwxr-xr-x     1 root   wheel     32800 Jan 13  2017 hexdump
-rwxr-xr-x     1 root   wheel     33776 Jan 13  2017 hidutil
-rwxr-xr-x     1 root   wheel     91120 Jan 13  2017 hiutil
-rwxr-xr-x     1 root   wheel   1548512 Sep 14  2016 host
-rwxr-xr-x     1 root   wheel     43040 Jan 13  2017 hostinfo
-rwxr-xr-x     1 root   wheel      1939 Aug 30  2016 hotspot.d
-rwxr-xr-x     1 root   wheel    126736 Sep 14  2016 hpftodit
-rwxr-xr-x    35 root   wheel       811 Jul 31  2016 htmltree
-r-xr-xr-x     1 root   wheel      1177 Jul 31  2016 htmltree5.16
-r-xr-xr-x     1 root   wheel      1177 Jul 31  2016 htmltree5.18
-rwxr-xr-x     1 root   wheel      2523 Aug 30  2016 httpdstat.d
-rwxr-xr-x     1 root   wheel     18256 Jan 13  2017 ibtool
-rwxr-xr-x     1 root   wheel     28000 Jan 13  2017 iconutil
-rwxr-xr-x     1 root   wheel     32128 Sep 14  2016 iconv
-rwxr-xr-x     1 root   wheel     18256 Jan 13  2017 ictool
-rwxr-xr-x     1 root   wheel     23216 Jan 13  2017 id
-rwxr-xr-x     5 root   wheel       925 Jul 31  2016 idle
lrwxr-xr-x     1 root   wheel        73 Nov  1  2016 idle2.6 -> ../../System/Library/Frameworks/Python.framework/Versions/2.6/bin/idle2.6
lrwxr-xr-x     1 root   wheel        73 Nov  1  2016 idle2.7 -> ../../System/Library/Frameworks/Python.framework/Versions/2.7/bin/idle2.7
lrwxr-xr-x     1 root   wheel        74 Nov  1  2016 idlj -> /System/Library/Frameworks/JavaVM.framework/Versions/Current/Commands/idlj
-rwxr-xr-x     1 root   wheel      8556 Aug 30  2016 imptrace
-rwxr-xr-x     1 root   wheel     18256 Jan 13  2017 indent
-rwxr-xr-x     1 root   wheel     44336 Sep 14  2016 indxbib
-rwxr-xr-x     1 root   wheel    175024 Sep 14  2016 info
-rwxr-xr-x     1 root   wheel     58688 Jan 13  2017 infocmp
-rwxr-xr-x     1 root   wheel     55296 Sep 14  2016 infokey
lrwxr-xr-x     1 root   wheel         3 Nov  1  2016 infotocap -> tic
-rwxr-xr-x     1 root   wheel     28528 Jan 13  2017 install
-rwxr-xr-x     1 root   wheel     59936 Sep 14  2016 install-info
-rwxr-xr-x     1 root   wheel     18288 Jan 13  2017 install_name_tool
-rwxr-xr-x    38 root   wheel       811 Jul 31  2016 instmodsh
-rwxr-xr-x     1 root   wheel      4288 Jul 31  2016 instmodsh5.16
-rwxr-xr-x     1 root   wheel      4288 Jul 31  2016 instmodsh5.18
-rwxr-xr-x     1 root   wheel     18256 Jan 13  2017 instruments
-rwxr-xr-x     1 root   wheel      1976 Aug 30  2016 iofile.d
-rwxr-xr-x     1 root   wheel      1573 Aug 30  2016 iofileb.d
-rwxr-xr-x     1 root   wheel      6600 Aug 30  2016 iopattern
-rwxr-xr-x     1 root   wheel      5942 Aug 30  2016 iopending
-rwxr-xr-x     1 root   wheel     12135 Aug 30  2016 iosnoop
-rwxr-xr-x     1 root   wheel     11884 Aug 30  2016 iotop
-rwxr-xr-x    35 root   wheel       811 Jul 31  2016 ip2cc
-r-xr-xr-x     1 root   wheel      2116 Jul 31  2016 ip2cc5.16
-r-xr-xr-x     1 root   wheel      2116 Jul 31  2016 ip2cc5.18
-rwxr-xr-x    35 root   wheel       811 Jul 31  2016 ipcount
-r-xr-xr-x     1 root   wheel      3728 Jul 31  2016 ipcount5.16
-r-xr-xr-x     1 root   wheel      3728 Jul 31  2016 ipcount5.18
-rwxr-xr-x     1 root   wheel     18528 Jan 13  2017 ipcrm
-rwxr-xr-x     1 root   wheel     26832 Jan 13  2017 ipcs
-r-xr-xr-x     1 root   wheel     47152 Jan 13  2017 ippfind
-r-xr-xr-x     1 root   wheel     87776 Jan 13  2017 ipptool
-rwxr-xr-x     1 root   wheel     18256 Jan 13  2017 iprofiler
-rwxr-xr-x    35 root   wheel       811 Jul 31  2016 iptab
-r-xr-xr-x     1 root   wheel       986 Jul 31  2016 iptab5.16
-r-xr-xr-x     1 root   wheel       986 Jul 31  2016 iptab5.18
-r-xr-xr-x     1 root   wheel       368 Jul 31  2016 irb
lrwxr-xr-x     1 root   wheel        73 Nov  1  2016 jar -> /System/Library/Frameworks/JavaVM.framework/Versions/Current/Commands/jar
lrwxr-xr-x     1 root   wheel        79 Nov  1  2016 jarsigner -> /System/Library/Frameworks/JavaVM.framework/Versions/Current/Commands/jarsigner
lrwxr-xr-x     1 root   wheel        74 Nov  1  2016 java -> /System/Library/Frameworks/JavaVM.framework/Versions/Current/Commands/java
lrwxr-xr-x     1 root   wheel        75 Nov  1  2016 javac -> /System/Library/Frameworks/JavaVM.framework/Versions/Current/Commands/javac
lrwxr-xr-x     1 root   wheel        77 Nov  1  2016 javadoc -> /System/Library/Frameworks/JavaVM.framework/Versions/Current/Commands/javadoc
lrwxr-xr-x     1 root   wheel        75 Nov  1  2016 javah -> /System/Library/Frameworks/JavaVM.framework/Versions/Current/Commands/javah
lrwxr-xr-x     1 root   wheel        75 Nov  1  2016 javap -> /System/Library/Frameworks/JavaVM.framework/Versions/Current/Commands/javap
lrwxr-xr-x     1 root   wheel        82 Nov  1  2016 javapackager -> /System/Library/Frameworks/JavaVM.framework/Versions/Current/Commands/javapackager
lrwxr-xr-x     1 root   wheel        76 Nov  1  2016 javaws -> /System/Library/Frameworks/JavaVM.framework/Versions/Current/Commands/javaws
lrwxr-xr-x     1 root   wheel        74 Nov  1  2016 jcmd -> /System/Library/Frameworks/JavaVM.framework/Versions/Current/Commands/jcmd
lrwxr-xr-x     1 root   wheel        78 Nov  1  2016 jconsole -> /System/Library/Frameworks/JavaVM.framework/Versions/Current/Commands/jconsole
lrwxr-xr-x     1 root   wheel        78 Nov  1  2016 jcontrol -> /System/Library/Frameworks/JavaVM.framework/Versions/Current/Commands/jcontrol
lrwxr-xr-x     1 root   wheel        73 Nov  1  2016 jdb -> /System/Library/Frameworks/JavaVM.framework/Versions/Current/Commands/jdb
lrwxr-xr-x     1 root   wheel        75 Nov  1  2016 jdeps -> /System/Library/Frameworks/JavaVM.framework/Versions/Current/Commands/jdeps
lrwxr-xr-x     1 root   wheel        74 Nov  1  2016 jhat -> /System/Library/Frameworks/JavaVM.framework/Versions/Current/Commands/jhat
lrwxr-xr-x     1 root   wheel        75 Nov  1  2016 jhsdb -> /System/Library/Frameworks/JavaVM.framework/Versions/Current/Commands/jhsdb
lrwxr-xr-x     1 root   wheel        76 Nov  1  2016 jimage -> /System/Library/Frameworks/JavaVM.framework/Versions/Current/Commands/jimage
lrwxr-xr-x     1 root   wheel        75 Nov  1  2016 jinfo -> /System/Library/Frameworks/JavaVM.framework/Versions/Current/Commands/jinfo
lrwxr-xr-x     1 root   wheel        73 Nov  1  2016 jjs -> /System/Library/Frameworks/JavaVM.framework/Versions/Current/Commands/jjs
lrwxr-xr-x     1 root   wheel        74 Nov  1  2016 jmap -> /System/Library/Frameworks/JavaVM.framework/Versions/Current/Commands/jmap
lrwxr-xr-x     1 root   wheel        73 Nov  1  2016 jmc -> /System/Library/Frameworks/JavaVM.framework/Versions/Current/Commands/jmc
-rwxr-xr-x    15 root   wheel       190 Jul 30  2016 jobs
-rwxr-xr-x     1 root   wheel     23456 Sep 14  2016 join
-rwxr-xr-x     1 root   wheel     23040 Sep 14  2016 jot
lrwxr-xr-x     1 root   wheel        73 Nov  1  2016 jps -> /System/Library/Frameworks/JavaVM.framework/Versions/Current/Commands/jps
lrwxr-xr-x     1 root   wheel        80 Nov  1  2016 jrunscript -> /System/Library/Frameworks/JavaVM.framework/Versions/Current/Commands/jrunscript
lrwxr-xr-x     1 root   wheel        79 Nov  1  2016 jsadebugd -> /System/Library/Frameworks/JavaVM.framework/Versions/Current/Commands/jsadebugd
lrwxr-xr-x     1 root   wheel        76 Nov  1  2016 jshell -> /System/Library/Frameworks/JavaVM.framework/Versions/Current/Commands/jshell
-rwxr-xr-x    38 root   wheel       811 Jul 31  2016 json_pp
-rwxr-xr-x     1 root   wheel      3953 Jul 31  2016 json_pp5.16
-rwxr-xr-x     1 root   wheel      3953 Jul 31  2016 json_pp5.18
lrwxr-xr-x     1 root   wheel        76 Nov  1  2016 jstack -> /System/Library/Frameworks/JavaVM.framework/Versions/Current/Commands/jstack
lrwxr-xr-x     1 root   wheel        75 Nov  1  2016 jstat -> /System/Library/Frameworks/JavaVM.framework/Versions/Current/Commands/jstat
lrwxr-xr-x     1 root   wheel        76 Nov  1  2016 jstatd -> /System/Library/Frameworks/JavaVM.framework/Versions/Current/Commands/jstatd
lrwxr-xr-x     1 root   wheel        79 Nov  1  2016 jvisualvm -> /System/Library/Frameworks/JavaVM.framework/Versions/Current/Commands/jvisualvm
-rwxr-xr-x     1 root   wheel     51328 Jan 13  2017 kcc
-rwxr-xr-x     1 root   wheel     28992 Jan 13  2017 kdestroy
-rwxr-xr-x     1 root   wheel    159424 Jan 13  2017 kextutil
lrwxr-xr-x     1 root   wheel        77 Nov  1  2016 keytool -> /System/Library/Frameworks/JavaVM.framework/Versions/Current/Commands/keytool
-rwxr-xr-x     1 root   wheel     29936 Jan 13  2017 kgetcred
-rwxr-xr-x     1 root   wheel      1621 Aug 30  2016 kill.d
-rwxr-xr-x     1 root   wheel     23952 Sep 14  2016 killall
-rwxr-xr-x     1 root   wheel     48288 Jan 13  2017 kinit
lrwxr-xr-x     1 root   wheel         3 Nov  1  2016 klist -> kcc
-rwxr-xr-x     1 root   wheel     30128 Jan 13  2017 kpasswd
-rwxr-xr-x     1 root   wheel      3252 Jul 31  2016 krb5-config
lrwxr-xr-x     1 root   wheel         3 Nov  1  2016 kswitch -> kcc
-rwxr-xr-x     1 root   wheel     18576 Sep 14  2016 lam
-rwxr-xr-x     1 root   wheel     23344 Sep 14  2016 last
-rwxr-xr-x     1 root   wheel     18896 Sep 14  2016 lastcomm
-rwxr-xr-x     1 root   wheel      2297 Aug 30  2016 lastwords
-rwxr-xr-x     1 root   wheel     98592 Jan 13  2017 latency
-rwxr-xr-x     1 root   wheel    604160 Jan 13  2017 layerutil
-rwxr-xr-x     1 root   wheel     18240 Jan 13  2017 ld
lrwxr-xr-x     1 root   wheel        10 Nov  1  2016 ldapadd -> ldapmodify
-rwxr-xr-x     1 root   wheel    305120 Jan 13  2017 ldapcompare
-rwxr-xr-x     1 root   wheel    309200 Jan 13  2017 ldapdelete
-rwxr-xr-x     1 root   wheel    309264 Jan 13  2017 ldapexop
-rwxr-xr-x     1 root   wheel    317760 Jan 13  2017 ldapmodify
-rwxr-xr-x     1 root   wheel    305104 Jan 13  2017 ldapmodrdn
-rwxr-xr-x     1 root   wheel    304992 Jan 13  2017 ldappasswd
-rwxr-xr-x     1 root   wheel    337712 Jan 13  2017 ldapsearch
-rwxr-xr-x     1 root   wheel    255616 Jan 13  2017 ldapurl
-rwxr-xr-x     1 root   wheel    305088 Jan 13  2017 ldapwhoami
-rwxr-xr-x     1 root   wheel     94080 Jan 13  2017 leaks
-rwxr-xr-x     1 root   wheel    119040 Jan 13  2017 leaks32
-r-xr-xr-x     1 root   wheel     18352 Sep 14  2016 leave
-rwxr-xr-x     1 root   wheel    129536 Jan 13  2017 less
-rwxr-xr-x     1 root   wheel     18272 Sep 14  2016 lessecho
-rwxr-xr-x     1 root   wheel     18240 Jan 13  2017 lex
-rwxr-xr-x    38 root   wheel       811 Jul 31  2016 libnetcfg
-rwxr-xr-x     1 root   wheel     15759 Jul 31  2016 libnetcfg5.16
-rwxr-xr-x     1 root   wheel     15754 Jul 31  2016 libnetcfg5.18
-rwxr-xr-x     1 root   wheel     18256 Jan 13  2017 libtool
-rwxr-xr-x     1 root   wheel     18240 Jan 13  2017 lipo
-rwxr-xr-x     1 root   wheel     50480 Sep 14  2016 lkbib
-rwxr-xr-x     1 root   wheel     18240 Jan 13  2017 lldb
lrwxr-xr-x     1 root   wheel         7 Nov  1  2016 llvm-g++ -> clang++
lrwxr-xr-x     1 root   wheel         5 Nov  1  2016 llvm-gcc -> clang
-rwxr-xr-x     1 root   wheel      1936 Aug 30  2016 loads.d
-rwxr-xr-x     1 root   wheel     68528 Sep 14  2016 locale
-rwxr-xr-x     1 root   wheel     30650 Jul 30  2016 localedef
-rwxr-xr-x     1 root   wheel     23392 Sep 14  2016 locate
-rwxr-xr-x     1 root   wheel     57760 Jan 13  2017 lockstat
-rwxr-xr-x     1 root   wheel    120096 Jan 13  2017 log
-r-xr-xr-x     1 root   wheel     18784 Sep 14  2016 logger
-r-sr-xr-x     1 root   wheel     76208 Jan 13  2017 login
-rwxr-xr-x     1 root   wheel     18128 Sep 14  2016 logname
-rwxr-xr-x     1 root   wheel     18768 Sep 14  2016 look
-rwxr-xr-x     1 root   wheel     50752 Sep 14  2016 lookbib
-rwxr-xr-x     1 root   wheel     18256 Jan 13  2017 lorder
-r-xr-xr-x     1 root   wheel     28352 Jan 13  2017 lp
-r-xr-xr-x     1 root   wheel     24176 Jan 13  2017 lpoptions
-r-xr-xr-x     1 root   wheel     24160 Jan 13  2017 lpq
-r-xr-xr-x     1 root   wheel     23888 Jan 13  2017 lpr
-r-xr-xr-x     1 root   wheel     18528 Jan 13  2017 lprm
-r-xr-xr-x     1 root   wheel     36944 Jan 13  2017 lpstat
-rwxr-xr-x     1 root   wheel    247824 Jan 13  2017 lsappinfo
-rwxr-xr-x     1 root   wheel     29168 Sep 14  2016 lsbom
-rwxr-xr-x     1 root   wheel     60064 Jan 13  2017 lskq
-rwxr-xr-x     1 root   wheel     52512 Jan 13  2017 lsm
-rwxr-xr-x     1 root   wheel     73968 Jan 13  2017 lsmp
-rwxr-xr-x     1 root   wheel     18288 Sep 14  2016 lsvfs
-rwxr-xr-x    35 root   wheel       811 Jul 31  2016 lwp-download
-r-xr-xr-x     1 root   wheel      8639 Jul 31  2016 lwp-download5.16
-r-xr-xr-x     1 root   wheel      8639 Jul 31  2016 lwp-download5.18
-rwxr-xr-x    35 root   wheel       811 Jul 31  2016 lwp-dump
-r-xr-xr-x     1 root   wheel      2802 Jul 31  2016 lwp-dump5.16
-r-xr-xr-x     1 root   wheel      2802 Jul 31  2016 lwp-dump5.18
-rwxr-xr-x    35 root   wheel       811 Jul 31  2016 lwp-mirror
-r-xr-xr-x     1 root   wheel      2481 Jul 31  2016 lwp-mirror5.16
-r-xr-xr-x     1 root   wheel      2482 Jul 31  2016 lwp-mirror5.18
-rwxr-xr-x    35 root   wheel       811 Jul 31  2016 lwp-request
-r-xr-xr-x     1 root   wheel     15063 Jul 31  2016 lwp-request5.16
-r-xr-xr-x     1 root   wheel     15063 Jul 31  2016 lwp-request5.18
-rwxr-xr-x     1 root   wheel     18240 Jan 13  2017 m4
-rwxr-xr-x     1 root   wheel     42000 Jan 13  2017 macbinary
-rwxr-xr-x    35 root   wheel       811 Jul 31  2016 macerror
-r-xr-xr-x     1 root   wheel       728 Jul 31  2016 macerror5.16
-r-xr-xr-x     1 root   wheel       728 Jul 31  2016 macerror5.18
-rwxr-xr-x     1 root   wheel     66736 Jan 13  2017 machine
-rwxr-xr-x     1 root   wheel     89808 Jan 13  2017 mail
lrwxr-xr-x     1 root   wheel        16 Nov  1  2016 mailq -> ../sbin/sendmail
-rwxr-xr-x     1 root   wheel     89808 Jan 13  2017 mailx
-rwxr-xr-x     1 root   wheel     18240 Jan 13  2017 make
-rwxr-xr-x     1 root   wheel    243056 Sep 14  2016 makeinfo
-rwxr-xr-x     1 root   wheel     85936 Jan 13  2017 malloc_history
-rwxr-xr-x     1 root   wheel     99840 Jan 13  2017 malloc_history32
-r-xr-xr-x     1 root   wheel     70128 Sep 14  2016 man
lrwxr-xr-x     1 root   wheel         3 Nov  1  2016 manpath -> man
-rwxr-xr-x     1 root   wheel     87232 Jan 13  2017 mcxquery
-rwxr-xr-x     1 root   wheel     23344 Jan 13  2017 mcxrefresh
-rwxr-xr-x     1 root   wheel    153648 Jan 13  2017 mddiagnose
-rwxr-xr-x     1 root   wheel     29248 Jan 13  2017 mdfind
-rwxr-xr-x     1 root   wheel    283744 Jan 13  2017 mdimport
-rwxr-xr-x     1 root   wheel    302560 Jan 13  2017 mdimport32
-rwxr-xr-x     1 root   wheel     23984 Jan 13  2017 mdls
-rwxr-xr-x     1 root   wheel     76512 Jan 13  2017 mdutil
-rwxr-xr-x     1 root   wheel     68592 Jan 13  2017 memory_pressure
-r-xr-xr-x     1 root   wheel     18160 Sep 14  2016 mesg
-rwxr-xr-x     1 root   wheel     43760 Jul 31  2016 mib2c
-rwxr-xr-x     1 root   wheel      8780 Jul 31  2016 mib2c-update
-rwxr-xr-x     1 root   wheel     18240 Jan 13  2017 mig
-rwxr-xr-x     1 root   wheel     19856 Sep 14  2016 mkbom
-rwxr-xr-x     1 root   wheel     18240 Jan 13  2017 mkdep
-rwxr-xr-x     1 root   wheel     18368 Jan 13  2017 mkfifo
-rwxr-xr-x     1 root   wheel     40288 Sep 14  2016 mklocale
-rwxr-xr-x     1 root   wheel     18752 Sep 14  2016 mktemp
-rwxr-xr-x     1 root   wheel      2975 Jul 30  2016 mmroff
-rwxr-xr-x     1 root   wheel     28688 Sep 14  2016 mnthome
-rwxr-xr-x    35 root   wheel       811 Jul 31  2016 moo-outdated
-r-xr-xr-x     1 root   wheel       448 Jul 31  2016 moo-outdated5.18
-rwxr-xr-x    35 root   wheel       811 Jul 31  2016 moose-outdated
-r-xr-xr-x     1 root   wheel       455 Jul 31  2016 moose-outdated5.16
-r-xr-xr-x     1 root   wheel       455 Jul 31  2016 moose-outdated5.18
-rwxr-xr-x     1 root   wheel    129536 Jan 13  2017 more
-r-xr-xr-x     1 root   wheel      1271 Jul 31  2016 mp2bug
-rwxr-xr-x     1 root   wheel     29440 Sep 14  2016 msgs
-rwxr-xr-x     1 root   wheel    145296 Jan 13  2017 nano
-rwxr-xr-x     1 root   wheel     18240 Jan 13  2017 nasm
lrwxr-xr-x     1 root   wheel        82 Nov  1  2016 native2ascii -> /System/Library/Frameworks/JavaVM.framework/Versions/Current/Commands/native2ascii
-rwxr-xr-x     1 root   wheel     25440 Jan 13  2017 nbdst
-r-xr-xr-x     1 root   wheel     46896 Sep 14  2016 nc
-r-xr-xr-x     1 root   wheel     31824 Sep 14  2016 ncal
-r-xr-xr-x     1 root   wheel     23888 Jan 13  2017 ncctl
-r-xr-xr-x     1 root   wheel     23888 Jan 13  2017 ncdestroy
-r-xr-xr-x     1 root   wheel     23888 Jan 13  2017 ncinit
-r-xr-xr-x     1 root   wheel     23888 Jan 13  2017 nclist
-rwxr-xr-x     1 root   wheel      4977 Jul 30  2016 ncurses5.4-config
-rwxr-xr-x     1 root   wheel     18256 Jan 13  2017 ndisasm
-rwxr-xr-x     1 root   wheel       271 Jul 30  2016 neqn
-rwxr-xr-x    35 root   wheel       811 Jul 31  2016 net-server
-r-xr-xr-x     1 root   wheel      3429 Jul 31  2016 net-server5.16
-r-xr-xr-x     1 root   wheel      3429 Jul 31  2016 net-server5.18
-rwxr-xr-x     1 root   wheel     78699 Jul 31  2016 net-snmp-cert
-rwxr-xr-x     1 root   wheel     25355 Jul 31  2016 net-snmp-config
-rwxr-xr-x     1 root   wheel      3651 Jul 31  2016 net-snmp-create-v3-user
-rwxr-xr-x     1 root   wheel     71328 Sep 14  2016 nettop
lrwxr-xr-x     1 root   wheel        16 Nov  1  2016 newaliases -> ../sbin/sendmail
-r-sr-xr-x     1 root   wheel     52480 Jan 13  2017 newgrp
-rwxr-xr-x     1 root   wheel      4376 Aug 30  2016 newproc.d
-r-xr-xr-x     1 root   wheel     45136 Jan 13  2017 nfsstat
-rwxr-xr-x     1 root   wheel     18352 Sep 14  2016 nice
-rwxr-xr-x     1 root   wheel     23504 Sep 14  2016 nl
-rwxr-xr-x     1 root   wheel     18240 Jan 13  2017 nm
-rwxr-xr-x     1 root   wheel     18256 Jan 13  2017 nmedit
-rwxr-xr-x     1 root   wheel     18576 Sep 14  2016 nohup
-rwxr-xr-x     1 root   wheel     28992 Jan 13  2017 notifyutil
-rwxr-xr-x     1 root   wheel      2357 Jul 30  2016 nroff
-rwxr-xr-x     1 root   wheel     96576 Jan 13  2017 nscurl
-rwxr-xr-x     1 root   wheel   1552544 Sep 14  2016 nslookup
-rwxr-xr-x     1 root   wheel   1543296 Sep 14  2016 nsupdate
-rwxr-xr-x     1 root   wheel     70912 Sep 14  2016 ntp-keygen
-rwxr-xr-x     1 root   wheel    184832 Jan 13  2017 ntpq
-rwxr-xr-x     1 root   wheel     18256 Jan 13  2017 objdump
-rwxr-xr-x     1 root   wheel     32800 Jan 13  2017 od
-rwxr-xr-x     1 root   wheel     61504 Jan 13  2017 odutil
-rwxr-xr-x     1 root   wheel    105888 Jan 13  2017 open
-rwxr-xr-x     1 root   wheel     18256 Jan 13  2017 opendiff
-rwxr-xr-x     1 root   wheel      8034 Aug 30  2016 opensnoop
-rwxr-xr-x     1 root   wheel    923808 Jan 13  2017 openssl
lrwxr-xr-x     1 root   wheel        74 Nov  1  2016 orbd -> /System/Library/Frameworks/JavaVM.framework/Versions/Current/Commands/orbd
-rwxr-xr-x     1 root   wheel     41744 Jan 13  2017 osacompile
-rwxr-xr-x     1 root   wheel     19904 Jan 13  2017 osadecompile
-rwxr-xr-x     1 root   wheel     18560 Jan 13  2017 osalang
-rwxr-xr-x     1 root   wheel     43104 Jan 13  2017 osascript
-rwxr-xr-x     1 root   wheel     18240 Jan 13  2017 otool
lrwxr-xr-x     1 root   wheel        77 Nov  1  2016 pack200 -> /System/Library/Frameworks/JavaVM.framework/Versions/Current/Commands/pack200
-rwxr-xr-x    35 root   wheel       811 Jul 31  2016 package-stash-conflicts
-r-xr-xr-x     1 root   wheel       491 Jul 31  2016 package-stash-conflicts5.16
-r-xr-xr-x     1 root   wheel       844 Jul 31  2016 package-stash-conflicts5.18
-rwxr-xr-x     1 root   wheel      2006 Aug 30  2016 pagesize
-rwxr-xr-x     1 root   wheel     18256 Jan 13  2017 pagestuff
-rwxr-xr-x    35 root   wheel       811 Jul 31  2016 par.pl
-r-xr-xr-x     1 root   wheel     29540 Jul 31  2016 par5.16.pl
-r-xr-xr-x     1 root   wheel     29555 Jul 31  2016 par5.18.pl
-rwxr-xr-x     1 root   wheel     66576 Jan 13  2017 parl
-r-xr-xr-x     1 root   wheel   5303984 Jan 13  2017 parl5.16
-r-xr-xr-x     1 root   wheel   5472608 Jan 13  2017 parl5.18
-rwxr-xr-x     1 root   wheel     66576 Jan 13  2017 parldyn
-r-xr-xr-x     1 root   wheel    120608 Jan 13  2017 parldyn5.16
-r-xr-xr-x     1 root   wheel    128912 Jan 13  2017 parldyn5.18
-rwxr-xr-x     1 root   wheel     67952 Jan 13  2017 passwd
-rwxr-xr-x     1 root   wheel     18544 Sep 14  2016 paste
-rwxr-xr-x     1 root   wheel     95056 Sep 14  2016 patch
-rwxr-xr-x     1 root   wheel     18480 Jan 13  2017 pathchk
-rwxr-xr-x     1 root   wheel      2378 Aug 30  2016 pathopens.d
-rwxr-xr-x     1 root   wheel     23552 Jan 13  2017 pbcopy
-rwxr-xr-x     1 root   wheel     23552 Jan 13  2017 pbpaste
-rwxr-xr-x     1 root   wheel       199 Jul 30  2016 pcap-config
-rwxr-xr-x     1 root   wheel     43296 Jan 13  2017 pcsctest
-rwxr-xr-x     1 root   wheel     66560 Jan 13  2017 perl
-rwxr-xr-x     1 root   wheel     43760 Jan 13  2017 perl5.16
-rwxr-xr-x     1 root   wheel     43760 Jan 13  2017 perl5.18
-rwxr-xr-x    38 root   wheel       811 Jul 31  2016 perlbug
-rwxr-xr-x     1 root   wheel     41917 Jul 31  2016 perlbug5.16
-rwxr-xr-x     1 root   wheel     41944 Jul 31  2016 perlbug5.18
-rwxr-xr-x    38 root   wheel       811 Jul 31  2016 perldoc
-rwxr-xr-x     1 root   wheel       259 Jul 31  2016 perldoc5.16
-rwxr-xr-x     1 root   wheel       259 Jul 31  2016 perldoc5.18
-rwxr-xr-x    38 root   wheel       811 Jul 31  2016 perlivp
-rwxr-xr-x     1 root   wheel     10807 Jul 31  2016 perlivp5.16
-rwxr-xr-x     1 root   wheel     10807 Jul 31  2016 perlivp5.18
-rwxr-xr-x    38 root   wheel       811 Jul 31  2016 perlthanks
-rwxr-xr-x     1 root   wheel     41917 Jul 31  2016 perlthanks5.16
-rwxr-xr-x     1 root   wheel     41944 Jul 31  2016 perlthanks5.18
-rwxr-xr-x     1 root   wheel     22880 Sep 14  2016 pfbtops
-rwxr-xr-x     1 root   wheel     30480 Jan 13  2017 pgrep
lrwxr-xr-x     1 root   wheel         9 Nov  1  2016 phar -> phar.phar
-rwxr-xr-x     1 root   wheel     14775 Dec  6  2016 phar.phar
-rwxr-xr-x     1 root   wheel  10890816 Jan 13  2017 php
-rwxr-xr-x     1 root   wheel      6551 Dec  6  2016 php-config
-rwxr-xr-x     1 root   wheel      4508 Aug  9  2016 phpize
-rwxr-xr-x     1 root   wheel    217280 Sep 14  2016 pic
lrwxr-xr-x     1 root   wheel         4 Nov  1  2016 pico -> nano
-rwxr-xr-x    38 root   wheel       811 Jul 31  2016 piconv
-rwxr-xr-x     1 root   wheel      7372 Jul 31  2016 piconv5.16
-rwxr-xr-x     1 root   wheel      7372 Jul 31  2016 piconv5.18
-rwxr-xr-x     1 root   wheel      1295 Aug 30  2016 pidpersec.d
-rwxr-xr-x     1 root   wheel     82736 Jan 13  2017 pkgbuild
-rwxr-xr-x     1 root   wheel     30480 Jan 13  2017 pkill
-rwxr-xr-x     1 root   wheel     22880 Jan 13  2017 pl
-rwxr-xr-x    38 root   wheel       811 Jul 31  2016 pl2pm
-rwxr-xr-x     1 root   wheel      4566 Jul 31  2016 pl2pm5.16
-rwxr-xr-x     1 root   wheel      4566 Jul 31  2016 pl2pm5.18
-rwxr-xr-x     1 root   wheel     33504 Jan 13  2017 plockstat
-rwxr-xr-x     1 root   wheel    184352 Jan 13  2017 pluginkit
-rwxr-xr-x     1 root   wheel     41040 Jan 13  2017 plutil
-rwxr-xr-x     1 root   wheel    173936 Jan 13  2017 pmset
-rwxr-xr-x    38 root   wheel       811 Jul 31  2016 pod2html
-rwxr-xr-x     1 root   wheel      2073 Jul 31  2016 pod2html5.16
-rwxr-xr-x     1 root   wheel      2073 Jul 31  2016 pod2html5.18
-rwxr-xr-x    38 root   wheel       811 Jul 31  2016 pod2latex
-rwxr-xr-x     1 root   wheel     10374 Jul 31  2016 pod2latex5.16
-rwxr-xr-x     1 root   wheel     10374 Jul 31  2016 pod2latex5.18
-rwxr-xr-x    38 root   wheel       811 Jul 31  2016 pod2man
-rwxr-xr-x     1 root   wheel     11611 Jul 31  2016 pod2man5.16
-rwxr-xr-x     1 root   wheel     13700 Jul 31  2016 pod2man5.18
-rwxr-xr-x    35 root   wheel       811 Jul 31  2016 pod2readme
-r-xr-xr-x     1 root   wheel      1603 Jul 31  2016 pod2readme5.16
-r-xr-xr-x     1 root   wheel      1603 Jul 31  2016 pod2readme5.18
-rwxr-xr-x    38 root   wheel       811 Jul 31  2016 pod2text
-rwxr-xr-x     1 root   wheel      9154 Jul 31  2016 pod2text5.16
-rwxr-xr-x     1 root   wheel     11123 Jul 31  2016 pod2text5.18
-rwxr-xr-x    38 root   wheel       811 Jul 31  2016 pod2usage
-rwxr-xr-x     1 root   wheel      3462 Jul 31  2016 pod2usage5.16
-rwxr-xr-x     1 root   wheel      3790 Jul 31  2016 pod2usage5.18
-rwxr-xr-x    38 root   wheel       811 Jul 31  2016 podchecker
-rwxr-xr-x     1 root   wheel      3819 Jul 31  2016 podchecker5.16
-rwxr-xr-x     1 root   wheel      3819 Jul 31  2016 podchecker5.18
-rwxr-xr-x    38 root   wheel       811 Jul 31  2016 podselect
-rwxr-xr-x     1 root   wheel      2647 Jul 31  2016 podselect5.16
-rwxr-xr-x     1 root   wheel      2647 Jul 31  2016 podselect5.18
lrwxr-xr-x     1 root   wheel        80 Nov  1  2016 policytool -> /System/Library/Frameworks/JavaVM.framework/Versions/Current/Commands/policytool
-rwxr-xr-x     1 root   wheel    151504 Sep 14  2016 post-grohtml
-rwxr-xr-x     1 root   wheel       951 Aug 30  2016 power_report.sh
-rwxr-xr-x     1 root   wheel    157408 Jan 13  2017 powermetrics
-rwxr-xr-x    35 root   wheel       811 Jul 31  2016 pp
-r-xr-xr-x     1 root   wheel       152 Jul 31  2016 pp5.16
-r-xr-xr-x     1 root   wheel       152 Jul 31  2016 pp5.18
-r-xr-xr-x     1 root   wheel     25280 Jan 13  2017 ppdc
-r-xr-xr-x     1 root   wheel     23632 Jan 13  2017 ppdhtml
-r-xr-xr-x     1 root   wheel     18768 Jan 13  2017 ppdi
-r-xr-xr-x     1 root   wheel     24272 Jan 13  2017 ppdmerge
-r-xr-xr-x     1 root   wheel     23760 Jan 13  2017 ppdpo
-rwxr-xr-x     1 root   wheel     32176 Sep 14  2016 pr
-rwxr-xr-x     1 root   wheel     73856 Sep 14  2016 pre-grohtml
-rwxr-xr-x     1 root   wheel      1839 Aug 30  2016 priclass.d
-rwxr-xr-x     1 root   wheel      1836 Aug 30  2016 pridist.d
-rwxr-xr-x     1 root   wheel     18128 Sep 14  2016 printenv
-rwxr-xr-x     1 root   wheel     23184 Sep 14  2016 printf
-rwxr-xr-x     1 root   wheel      6344 Aug 30  2016 procsystime
-rwxr-xr-x     1 root   wheel    126752 Jan 13  2017 productbuild
-rwxr-xr-x     1 root   wheel     38480 Jan 13  2017 productsign
-rwxr-xr-x     1 root   wheel    118496 Jan 13  2017 profiles
-rwxr-xr-x    38 root   wheel       811 Jul 31  2016 prove
-rwxr-xr-x     1 root   wheel     11120 Jul 31  2016 prove5.16
-rwxr-xr-x     1 root   wheel     11120 Jul 31  2016 prove5.18
-rwxr-xr-x    38 root   wheel       811 Jul 31  2016 psed
-rwxr-xr-x     1 root   wheel     53364 Jul 31  2016 psed5.16
-rwxr-xr-x     1 root   wheel     53364 Jul 31  2016 psed5.18
-rwxr-xr-x     1 root   wheel     23936 Sep 14  2016 pstopdf
-rwxr-xr-x    38 root   wheel       811 Jul 31  2016 pstruct
-rwxr-xr-x     1 root   wheel     36642 Jul 31  2016 pstruct5.16
-rwxr-xr-x     1 root   wheel     36642 Jul 31  2016 pstruct5.18
-rwxr-xr-x    38 root   wheel       811 Jul 31  2016 ptar
-rwxr-xr-x     1 root   wheel      3015 Jul 31  2016 ptar5.16
-rwxr-xr-x     1 root   wheel      3559 Jul 31  2016 ptar5.18
-rwxr-xr-x    38 root   wheel       811 Jul 31  2016 ptardiff
-rwxr-xr-x     1 root   wheel      2507 Jul 31  2016 ptardiff5.16
-rwxr-xr-x     1 root   wheel      2507 Jul 31  2016 ptardiff5.18
-rwxr-xr-x    38 root   wheel       811 Jul 31  2016 ptargrep
-rwxr-xr-x     1 root   wheel      4274 Jul 31  2016 ptargrep5.16
-rwxr-xr-x     1 root   wheel      4274 Jul 31  2016 ptargrep5.18
-rwxr-xr-x     1 root   wheel    114384 Jan 13  2017 pubsub
-rwxr-xr-x    35 root   wheel       811 Jul 31  2016 pwhich
-r-xr-xr-x     1 root   wheel      3106 Jul 31  2016 pwhich5.16
-r-xr-xr-x     1 root   wheel      3106 Jul 31  2016 pwhich5.18
-rwxr-xr-x     1 root   wheel     47856 Sep 14  2016 pwpolicy
-rwxr-xr-x     5 root   wheel       925 Jul 31  2016 pydoc
lrwxr-xr-x     1 root   wheel        74 Nov  1  2016 pydoc2.6 -> ../../System/Library/Frameworks/Python.framework/Versions/2.6/bin/pydoc2.6
lrwxr-xr-x     1 root   wheel        74 Nov  1  2016 pydoc2.7 -> ../../System/Library/Frameworks/Python.framework/Versions/2.7/bin/pydoc2.7
-rwxr-xr-x     1 root   wheel     66576 Jan 13  2017 python
-rwxr-xr-x     5 root   wheel       925 Jul 31  2016 python-config
lrwxr-xr-x     1 root   wheel        75 Nov  1  2016 python2.6 -> ../../System/Library/Frameworks/Python.framework/Versions/2.6/bin/python2.6
lrwxr-xr-x     1 root   wheel        82 Nov  1  2016 python2.6-config -> ../../System/Library/Frameworks/Python.framework/Versions/2.6/bin/python2.6-config
lrwxr-xr-x     1 root   wheel        75 Nov  1  2016 python2.7 -> ../../System/Library/Frameworks/Python.framework/Versions/2.7/bin/python2.7
lrwxr-xr-x     1 root   wheel        82 Nov  1  2016 python2.7-config -> ../../System/Library/Frameworks/Python.framework/Versions/2.7/bin/python2.7-config
-rwxr-xr-x     1 root   wheel     66576 Jan 13  2017 pythonw
lrwxr-xr-x     1 root   wheel        76 Nov  1  2016 pythonw2.6 -> ../../System/Library/Frameworks/Python.framework/Versions/2.6/bin/pythonw2.6
lrwxr-xr-x     1 root   wheel        76 Nov  1  2016 pythonw2.7 -> ../../System/Library/Frameworks/Python.framework/Versions/2.7/bin/pythonw2.7
-rwxr-xr-x     1 root   wheel     45072 Sep 14  2016 qc2movie
lrwxr-xr-x     1 root   wheel       100 Nov  1  2016 qlmanage -> ../../System/Library/Frameworks/QuickLook.framework/Resources/quicklookd.app/Contents/MacOS/qlmanage
-rwxr-xr-x     1 root   wheel     51008 Jan 13  2017 qtdefaults
-rwxr-xr-x     1 root   wheel     85888 Jan 13  2017 qtmodernizer
-r-sr-xr-x     1 root   wheel     23552 Sep 14  2016 quota
-r-xr-xr-x     1 root   wheel       549 Jul 31  2016 rails
-r-xr-xr-x     1 root   wheel      1370 Jul 31  2016 rake
-rwxr-xr-x     1 root   wheel     18256 Jan 13  2017 ranlib
-r-xr-xr-x     1 root   wheel       988 Jul 31  2016 rdoc
-rwxr-xr-x    15 root   wheel       190 Jul 30  2016 read
-rwxr-xr-x     1 root   wheel     27440 Jan 13  2017 readlink
-rwxr-xr-x     1 root   wheel     18256 Jan 13  2017 rebase
-rwxr-xr-x     1 root   wheel     18288 Jan 13  2017 redo_prebinding
-rwxr-xr-x     1 root   wheel    117920 Sep 14  2016 refer
-rwxr-xr-x     1 root   wheel     18256 Sep 14  2016 renice
lrwxr-xr-x     1 root   wheel         4 Nov  1  2016 reset -> tset
-rwxr-xr-x     1 root   wheel     18256 Jan 13  2017 resolveLinks
-rwxr-xr-x     1 root   wheel     18352 Sep 14  2016 rev
-r-xr-xr-x     1 root   wheel       238 Jul 31  2016 ri
lrwxr-xr-x     1 root   wheel        74 Nov  1  2016 rmic -> /System/Library/Frameworks/JavaVM.framework/Versions/Current/Commands/rmic
lrwxr-xr-x     1 root   wheel        74 Nov  1  2016 rmid -> /System/Library/Frameworks/JavaVM.framework/Versions/Current/Commands/rmid
lrwxr-xr-x     1 root   wheel        81 Nov  1  2016 rmiregistry -> /System/Library/Frameworks/JavaVM.framework/Versions/Current/Commands/rmiregistry
-rwxr-xr-x     1 root   wheel     18256 Jan 13  2017 rpcgen
-rwxr-xr-x     1 root   wheel     22672 Sep 14  2016 rs
-rwxr-xr-x     1 root   wheel    295584 Sep 14  2016 rsync
-r-xr-xr-x     1 root   wheel     42912 Jan 13  2017 ruby
-rwxr-xr-x     1 root   wheel      1425 Aug 30  2016 runocc.d
lrwxr-xr-x     1 root   wheel         3 Nov  1  2016 rview -> vim
lrwxr-xr-x     1 root   wheel         3 Nov  1  2016 rvim -> vim
-rwxr-xr-x     1 root   wheel      1657 Aug 30  2016 rwbypid.d
-rwxr-xr-x     1 root   wheel      2473 Aug 30  2016 rwbytype.d
-rwxr-xr-x     1 root   wheel      6355 Aug 30  2016 rwsnoop
-rwxr-xr-x    38 root   wheel       811 Jul 31  2016 s2p
-rwxr-xr-x     1 root   wheel     53364 Jul 31  2016 s2p5.16
-rwxr-xr-x     1 root   wheel     53364 Jul 31  2016 s2p5.18
-rwxr-xr-x     1 root   wheel     34384 Jan 13  2017 safaridriver
-rwxr-xr-x     1 root   wheel     59872 Jan 13  2017 sample
-rwxr-xr-x     1 root   wheel      2544 Aug 30  2016 sampleproc
-rwxr-xr-x     1 root   wheel     19568 Jan 13  2017 sandbox-exec
-rwxr-xr-x     1 root   wheel     54256 Sep 14  2016 say
-rwxr-xr-x     1 root   wheel     82352 Jan 13  2017 sc_usage
-rwxr-xr-x    35 root   wheel       811 Jul 31  2016 scandeps.pl
-r-xr-xr-x     1 root   wheel      5815 Jul 31  2016 scandeps5.16.pl
-r-xr-xr-x     1 root   wheel      5815 Jul 31  2016 scandeps5.18.pl
lrwxr-xr-x     1 root   wheel        79 Nov  1  2016 schemagen -> /System/Library/Frameworks/JavaVM.framework/Versions/Current/Commands/schemagen
-rwxr-xr-x     1 root   wheel     71392 Jan 13  2017 scp
-rwxr-xr-x     1 root   wheel    302480 Sep 14  2016 screen
-rwxr-xr-x     1 root   wheel     24064 Sep 14  2016 script
-rwxr-xr-x     1 root   wheel     18240 Jan 13  2017 sdef
-rwxr-xr-x     1 root   wheel     37408 Sep 14  2016 sdiff
-rwxr-xr-x     1 root   wheel     18240 Jan 13  2017 sdp
lrwxr-xr-x     1 root   wheel        32 Nov  1  2016 sdx -> ../../System/Library/Tcl/bin/sdx
-rwxr-xr-x     1 root   wheel    263440 Jan 13  2017 security
-rwxr-xr-x     1 root   wheel     42112 Sep 14  2016 sed
-rwxr-xr-x     1 root   wheel      2041 Aug 30  2016 seeksize.d
-rwxr-xr-x     1 root   wheel     18256 Jan 13  2017 segedit
-rwxr-xr-x     1 root   wheel     22960 Sep 14  2016 seq
lrwxr-xr-x     1 root   wheel        79 Nov  1  2016 serialver -> /System/Library/Frameworks/JavaVM.framework/Versions/Current/Commands/serialver
lrwxr-xr-x     1 root   wheel        80 Nov  1  2016 servertool -> /System/Library/Frameworks/JavaVM.framework/Versions/Current/Commands/servertool
-r-xr-xr-x     1 root   wheel     24992 Sep 14  2016 setregion
-rwxr-xr-x     1 root   wheel      1606 Aug 30  2016 setuids.d
-rwxr-xr-x     1 root   wheel     84160 Jan 13  2017 sfltool
-rwxr-xr-x     1 root   wheel    110288 Jan 13  2017 sftp
-rwxr-xr-x     1 root   wheel      2516 Aug 19  2016 shar
-rwxr-xr-x    38 root   wheel       811 Jul 31  2016 shasum
-rwxr-xr-x     1 root   wheel      8629 Jul 31  2016 shasum5.16
-rwxr-xr-x     1 root   wheel      8629 Jul 31  2016 shasum5.18
-rwxr-xr-x     1 root   wheel     22992 Sep 14  2016 shlock
-r-xr-xr-x     1 root   wheel     24976 Jan 13  2017 showmount
-rwxr-xr-x     1 root   wheel      1603 Aug 30  2016 sigdist.d
-rwxr-xr-x     1 root   wheel    104608 Sep 14  2016 sips
-rwxr-xr-x     1 root   wheel     18240 Jan 13  2017 size
lrwxr-xr-x     1 root   wheel         3 Nov  1  2016 slogin -> ssh
-r-xr-xr-x     1 root   wheel    102256 Jan 13  2017 smbutil
-rwxr-xr-x     1 root   wheel       928 Jul 31  2016 smtpd.py
lrwxr-xr-x     1 root   wheel        77 Nov  1  2016 smtpd2.6.py -> ../../System/Library/Frameworks/Python.framework/Versions/2.6/bin/smtpd2.6.py
lrwxr-xr-x     1 root   wheel        77 Nov  1  2016 smtpd2.7.py -> ../../System/Library/Frameworks/Python.framework/Versions/2.7/bin/smtpd2.7.py
lrwxr-xr-x     1 root   wheel        59 Nov  1  2016 snfsdefrag -> /System/Library/Filesystems/acfs.fs/Contents/bin/snfsdefrag
-rwxr-xr-x     1 root   wheel     30680 Jul 31  2016 snmp-bridge-mib
-rwxr-xr-x     1 root   wheel     23600 Jan 13  2017 snmpbulkget
-rwxr-xr-x     1 root   wheel     24016 Jan 13  2017 snmpbulkwalk
-rwxr-xr-x     1 root   wheel     26136 Jul 31  2016 snmpconf
-rwxr-xr-x     1 root   wheel     29488 Jan 13  2017 snmpdelta
-rwxr-xr-x     1 root   wheel     23680 Jan 13  2017 snmpdf
-rwxr-xr-x     1 root   wheel     19392 Jan 13  2017 snmpget
-rwxr-xr-x     1 root   wheel     19392 Jan 13  2017 snmpgetnext
-rwxr-xr-x     1 root   wheel     24112 Jan 13  2017 snmpinform
-rwxr-xr-x     1 root   wheel     55264 Jan 13  2017 snmpnetstat
-rwxr-xr-x     1 root   wheel     23536 Jan 13  2017 snmpset
-rwxr-xr-x     1 root   wheel     24160 Jan 13  2017 snmpstatus
-rwxr-xr-x     1 root   wheel     29040 Jan 13  2017 snmptable
-rwxr-xr-x     1 root   wheel     24624 Jan 13  2017 snmptest
-rwxr-xr-x     1 root   wheel     25120 Jan 13  2017 snmptranslate
-rwxr-xr-x     1 root   wheel     24112 Jan 13  2017 snmptrap
-rwxr-xr-x     1 root   wheel     46224 Jan 13  2017 snmpusm
-rwxr-xr-x     1 root   wheel     40096 Jan 13  2017 snmpvacm
-rwxr-xr-x     1 root   wheel     23904 Jan 13  2017 snmpwalk
-rwxr-xr-x     1 root   wheel    161408 Jan 13  2017 sntp
-rwxr-xr-x     1 root   wheel     38864 Sep 14  2016 soelim
-rwxr-xr-x     1 root   wheel     54016 Sep 14  2016 sort
-rwxr-xr-x    35 root   wheel       811 Jul 31  2016 spfd
-r-xr-xr-x     1 root   wheel      9486 Jul 31  2016 spfd5.16
-r-xr-xr-x     1 root   wheel      9486 Jul 31  2016 spfd5.18
-rwxr-xr-x    35 root   wheel       811 Jul 31  2016 spfquery
-r-xr-xr-x     1 root   wheel     23081 Jul 31  2016 spfquery5.16
-r-xr-xr-x     1 root   wheel     23081 Jul 31  2016 spfquery5.18
-rwxr-xr-x    38 root   wheel       811 Jul 31  2016 splain
-rwxr-xr-x     1 root   wheel     18494 Jul 31  2016 splain5.16
-rwxr-xr-x     1 root   wheel     18681 Jul 31  2016 splain5.18
-rwxr-xr-x     1 root   wheel     23056 Sep 14  2016 split
-rwxr-xr-x     1 root   wheel    173152 Jan 13  2017 sqlite3
-rwxr-xr-x     1 root   wheel   2123312 Jan 13  2017 ssh
-rwxr-xr-x     1 root   wheel   1821328 Jan 13  2017 ssh-add
-rwxr-xr-x     1 root   wheel   1819824 Jan 13  2017 ssh-agent
-rwxr-xr-x     1 root   wheel     10372 Nov 15  2016 ssh-copy-id
-rwxr-xr-x     1 root   wheel   1856976 Jan 13  2017 ssh-keygen
-rwxr-xr-x     1 root   wheel   1871424 Jan 13  2017 ssh-keyscan
-rwxr-xr-x     1 root   wheel     27440 Jan 13  2017 stat
-rwxr-xr-x     1 root   wheel     75488 Jan 13  2017 stringdups
-rwxr-xr-x     1 root   wheel     84416 Jan 13  2017 stringdups32
-rwxr-xr-x     1 root   wheel     18256 Jan 13  2017 strings
-rwxr-xr-x     1 root   wheel     18240 Jan 13  2017 strip
-rwxr-xr-x    35 root   wheel       811 Jul 31  2016 stty.pl
-r-xr-xr-x     1 root   wheel       277 Jul 31  2016 stty5.16.pl
-r-xr-xr-x     1 root   wheel       277 Jul 31  2016 stty5.18.pl
-rwsr-xr-x     1 root   wheel     25424 Sep 14  2016 su
-r-s--x--x     1 root   wheel    369136 Sep 14  2016 sudo
-rwxr-xr-x     1 root   wheel     22640 Jan 13  2017 sum
-rwxr-xr-x     1 root   wheel     18240 Jan 13  2017 svn
-rwxr-xr-x     1 root   wheel     18256 Jan 13  2017 svnadmin
-rwxr-xr-x     1 root   wheel     18272 Jan 13  2017 svndumpfilter
-rwxr-xr-x     1 root   wheel     18256 Jan 13  2017 svnlook
-rwxr-xr-x     1 root   wheel     18256 Jan 13  2017 svnserve
-rwxr-xr-x     1 root   wheel     18256 Jan 13  2017 svnsync
-rwxr-xr-x     1 root   wheel     18256 Jan 13  2017 svnversion
-rwxr-xr-x     1 root   wheel     18800 Sep 14  2016 sw_vers
-rwxr-xr-x     1 root   wheel     18240 Jan 13  2017 swift
-rwxr-xr-x     1 root   wheel     18256 Jan 13  2017 swiftc
-rwxr-xr-x     1 root   wheel    145616 Jan 13  2017 symbols
-rwxr-xr-x     1 root   wheel    108592 Jan 13  2017 symbolscache
-rwxr-xr-x     1 root   wheel      1260 Aug 30  2016 syscallbypid.d
-rwxr-xr-x     1 root   wheel       253 Aug 30  2016 syscallbyproc.d
-rwxr-xr-x     1 root   wheel       248 Aug 30  2016 syscallbysysc.d
-rwxr-xr-x     1 root   wheel    433344 Jan 13  2017 sysdiagnose
-rwxr-xr-x     1 root   wheel     67632 Jan 13  2017 syslog
-rwxr-xr-x     1 root   wheel     47136 Jan 13  2017 tab2space
-rwxr-xr-x     1 root   wheel     18528 Sep 14  2016 tabs
-rwxr-xr-x     1 root   wheel     28496 Sep 14  2016 tail
-rwxr-xr-x     1 root   wheel     53840 Jan 13  2017 tailspin
-r-xr-xr-x     1 root   wheel     30848 Sep 14  2016 talk
lrwxr-xr-x     1 root   wheel         6 Nov  1  2016 tar -> bsdtar
-rwxr-xr-x     1 root   wheel     38208 Jan 13  2017 taskinfo
-rwxr-xr-x     1 root   wheel    119200 Sep 14  2016 tbl
-rwxr-xr-x     1 root   wheel     18880 Jan 13  2017 tccutil
lrwxr-xr-x     1 root   wheel         8 Nov  1  2016 tclsh -> tclsh8.5
lrwxr-xr-x     1 root   wheel        67 Nov  1  2016 tclsh8.4 -> ../../System/Library/Frameworks/Tcl.framework/Versions/8.4/tclsh8.4
lrwxr-xr-x     1 root   wheel        67 Nov  1  2016 tclsh8.5 -> ../../System/Library/Frameworks/Tcl.framework/Versions/8.5/tclsh8.5
-rwxr-xr-x     1 root   wheel     18352 Sep 14  2016 tee
-r-xr-xr-x     1 root   wheel    117280 Sep 14  2016 telnet
-r-xr-xr-x     1 root   wheel       128 Jul 31  2016 testrb
-rwxr-xr-x     1 root   wheel     28218 Jul 30  2016 texi2dvi
-rwxr-xr-x     1 root   wheel       660 Jul 30  2016 texi2pdf
-rwxr-xr-x     1 root   wheel     56448 Sep 14  2016 texindex
-rwxr-xr-x     1 root   wheel     48688 Jan 13  2017 textutil
-rwxr-xr-x     1 root   wheel     39088 Sep 14  2016 tfmtodit
-r-xr-xr-x     1 root   wheel     38944 Sep 14  2016 tftp
-rwxr-xr-x     1 root   wheel     26240 Jan 13  2017 thermal
-rwxr-xr-x     1 root   wheel     55712 Jan 13  2017 tic
-rwxr-xr-x     1 root   wheel     74720 Jan 13  2017 tidy
-rwxr-xr-x     1 root   wheel     23408 Jan 13  2017 tiff2icns
-rwxr-xr-x     1 root   wheel    335168 Sep 14  2016 tiffutil
-rwxr-xr-x     1 root   wheel     18368 Sep 14  2016 time
-rwxr-xr-x     1 root   wheel      2886 Aug 30  2016 timer_analyser.d
-rwxr-xr-x     1 root   wheel      6537 Aug 30  2016 timerfires
lrwxr-xr-x     1 root   wheel        43 Nov  1  2016 tkcon -> ../../System/Library/Tcl/tkcon2.6/tkcon.tcl
-rwxr-xr-x     1 root   wheel     30924 Jul 31  2016 tkmib
-rwxr-xr-x    35 root   wheel       811 Jul 31  2016 tkpp
-r-xr-xr-x     1 root   wheel     78220 Jul 31  2016 tkpp5.16
-r-xr-xr-x     1 root   wheel     82203 Jul 31  2016 tkpp5.18
-rwxr-xr-x     1 root   wheel    188720 Jan 13  2017 tmdiagnose
-rwxr-xr-x     1 root   wheel    284912 Jan 13  2017 tmutil
lrwxr-xr-x     1 root   wheel        79 Nov  1  2016 tnameserv -> /System/Library/Frameworks/JavaVM.framework/Versions/Current/Commands/tnameserv
-rwxr-xr-x     1 root   wheel     24624 Jan 13  2017 toe
-r-sr-xr-x     1 root   wheel     88272 Sep 14  2016 top
-rwxr-xr-x     1 root   wheel    107392 Sep 14  2016 tops
-rwxr-xr-x     1 root   wheel      4603 Aug 30  2016 topsyscall
-rwxr-xr-x     1 root   wheel      2950 Aug 30  2016 topsysproc
-rwxr-xr-x     1 root   wheel     23312 Jan 13  2017 touch
-rwxr-xr-x     1 root   wheel     24160 Jan 13  2017 tput
-rwxr-xr-x     1 root   wheel     27696 Sep 14  2016 tr
-rwxr-xr-x     1 root   wheel    136256 Jan 13  2017 trace
-rwxr-xr-x     1 root   wheel      2207 Jul 31  2016 traptoemail
-rwxr-xr-x    35 root   wheel       811 Jul 31  2016 treereg
-r-xr-xr-x     1 root   wheel     10339 Jul 31  2016 treereg5.16
-r-xr-xr-x     1 root   wheel     10339 Jul 31  2016 treereg5.18
-rwxr-xr-x     1 root   wheel     24048 Jan 13  2017 trimforce
-rwxr-xr-x     1 root   wheel    474160 Sep 14  2016 troff
-rwxr-xr-x     1 root   wheel     17760 Sep 14  2016 true
-rwxr-xr-x     1 root   wheel     28752 Jan 13  2017 tset
-r-xr-xr-x     1 root   wheel     22928 Sep 14  2016 tsort
-rwxr-xr-x     1 root   wheel     17984 Sep 14  2016 tty
-rwxr-xr-x    15 root   wheel       190 Jul 30  2016 type
-rwxr-xr-x     1 root   wheel     23136 Sep 14  2016 ul
-rwxr-xr-x    15 root   wheel       190 Jul 30  2016 ulimit
-rwxr-xr-x    15 root   wheel       190 Jul 30  2016 umask
-rwxr-xr-x    15 root   wheel       190 Jul 30  2016 unalias
-rwxr-xr-x     1 root   wheel     18368 Sep 14  2016 uname
-rwxr-xr-x     1 root   wheel     27680 Jan 13  2017 uncompress
-rwxr-xr-x     1 root   wheel     18544 Sep 14  2016 unexpand
-rwxr-xr-x     1 root   wheel     18256 Jan 13  2017 unifdef
-rwxr-xr-x     1 root   wheel     18256 Jan 13  2017 unifdefall
-rwxr-xr-x     1 root   wheel     23104 Sep 14  2016 uniq
-r-xr-xr-x     1 root   wheel     27664 Sep 14  2016 units
lrwxr-xr-x     1 root   wheel        79 Nov  1  2016 unpack200 -> /System/Library/Frameworks/JavaVM.framework/Versions/Current/Commands/unpack200
-rwxr-xr-x     1 root   wheel     18336 Sep 14  2016 unvis
-rwxr-xr-x     1 root   wheel    185984 Jan 13  2017 unzip
-rwxr-xr-x     1 root   wheel     88208 Jan 13  2017 unzipsfx
-rwxr-xr-x     1 root   wheel    819568 Jan 13  2017 update_dyld_shared_cache
-rwxr-xr-x     1 root   wheel     24176 Jan 13  2017 uptime
-rwxr-xr-x     1 root   wheel     38656 Jan 13  2017 usbkdp
-rwxr-xr-x     1 root   wheel     18320 Sep 14  2016 users
-r-xr-xr-x     1 _uucp  wheel     97712 Sep 14  2016 uucp
-r-xr-xr-x     1 root   wheel     24128 Sep 14  2016 uudecode
-r-xr-xr-x     1 root   wheel     18736 Sep 14  2016 uuencode
-rwxr-xr-x     1 root   wheel     42960 Jan 13  2017 uuidgen
-rwxr-xr-x     1 root   wheel     70128 Sep 14  2016 uulog
-r-xr-xr-x     1 _uucp  wheel     48224 Sep 14  2016 uuname
-rwxr-xr-x     1 root   wheel     75360 Sep 14  2016 uupick
-r-xr-xr-x     1 _uucp  wheel    106128 Sep 14  2016 uustat
-rwxr-xr-x     1 root   wheel      1958 Jul 30  2016 uuto
-r-xr-xr-x     1 _uucp  wheel     97664 Sep 14  2016 uux
lrwxr-xr-x     1 root   wheel         3 Nov  1  2016 vi -> vim
lrwxr-xr-x     1 root   wheel         3 Nov  1  2016 view -> vim
-rwxr-xr-x     1 root   wheel   1745984 Jan 13  2017 vim
lrwxr-xr-x     1 root   wheel         3 Nov  1  2016 vimdiff -> vim
-rwxr-xr-x     1 root   wheel      2084 Aug  2  2016 vimtutor
-rwxr-xr-x     1 root   wheel     18464 Sep 14  2016 vis
-rwxr-xr-x     1 root   wheel     51744 Jan 13  2017 vm_stat
-rwxr-xr-x     1 root   wheel     66560 Jan 13  2017 vmmap
-rwxr-xr-x     1 root   wheel     79536 Jan 13  2017 vmmap32
-rwxr-xr-x     1 root   wheel     24176 Jan 13  2017 w
-rwxr-xr-x    15 root   wheel       190 Jul 30  2016 wait
-r-xr-sr-x     1 root   tty       24768 Sep 14  2016 wall
-rwxr-xr-x     1 root   wheel     23040 Sep 14  2016 wc
-rwxr-xr-x     1 root   wheel     28720 Jan 13  2017 wdutil
-rwxr-xr-x     1 root   wheel      4013 Aug 30  2016 weblatency.d
-rwxr-xr-x     1 root   wheel     18048 Sep 14  2016 what
-r-xr-xr-x     1 root   wheel      1806 Jul 31  2016 whatis
-rwxr-xr-x     1 root   wheel     18512 Sep 14  2016 whereis
-rwxr-xr-x     1 root   wheel     18528 Sep 14  2016 which
-rwxr-xr-x     1 root   wheel     23488 Sep 14  2016 who
-rwxr-xr-x     1 root   wheel     23216 Jan 13  2017 whoami
-rwxr-xr-x     1 root   wheel     23392 Sep 14  2016 whois
lrwxr-xr-x     1 root   wheel         7 Nov  1  2016 wish -> wish8.5
-r-xr-xr-x     1 root   wheel       127 Jul 31  2016 wish8.4
-r-xr-xr-x     1 root   wheel       127 Jul 31  2016 wish8.5
-r-xr-sr-x     1 root   tty       23872 Sep 14  2016 write
lrwxr-xr-x     1 root   wheel        75 Nov  1  2016 wsgen -> /System/Library/Frameworks/JavaVM.framework/Versions/Current/Commands/wsgen
lrwxr-xr-x     1 root   wheel        78 Nov  1  2016 wsimport -> /System/Library/Frameworks/JavaVM.framework/Versions/Current/Commands/wsimport
-rwxr-xr-x     1 root   wheel     38128 Jan 13  2017 xar
-rwxr-xr-x     1 root   wheel     24128 Sep 14  2016 xargs
-rwxr-xr-x     2 root   wheel       925 Jul 31  2016 xattr
-rwxr-xr-x     1 root   wheel       392 Jul 31  2016 xattr-2.6
-rwxr-xr-x     1 root   wheel       432 Jul 31  2016 xattr-2.7
-rwxr-xr-x     1 root   wheel     23920 Jan 13  2017 xcode-select
-rwxr-xr-x     1 root   wheel     18256 Jan 13  2017 xcodebuild
-rwxr-xr-x     1 root   wheel     17904 Jan 13  2017 xcrun
-rwxr-xr-x     1 root   wheel     18256 Jan 13  2017 xcscontrol
-rwxr-xr-x     1 root   wheel     18256 Jan 13  2017 xcsdiagnose
-rwxr-xr-x     1 root   wheel     18240 Jan 13  2017 xed
-rwxr-xr-x    35 root   wheel       811 Jul 31  2016 xgettext.pl
-r-xr-xr-x     1 root   wheel      6247 Jul 31  2016 xgettext5.16.pl
-r-xr-xr-x     1 root   wheel      6650 Jul 31  2016 xgettext5.18.pl
-rwxr-xr-x     1 root   wheel     28560 Jan 13  2017 xip
lrwxr-xr-x     1 root   wheel        73 Nov  1  2016 xjc -> /System/Library/Frameworks/JavaVM.framework/Versions/Current/Commands/xjc
-rwxr-xr-x     1 root   wheel      1874 Aug  4  2016 xml2-config
-rwxr-xr-x     1 root   wheel     18256 Jan 13  2017 xml2man
-rwxr-xr-x     1 root   wheel     61184 Jan 13  2017 xmlcatalog
-rwxr-xr-x     1 root   wheel    141632 Jan 13  2017 xmllint
-rwxr-xr-x    35 root   wheel       811 Jul 31  2016 xpath
-r-xr-xr-x     1 root   wheel      1445 Jul 31  2016 xpath5.16
-r-xr-xr-x     1 root   wheel      1445 Jul 31  2016 xpath5.18
-rwxr-xr-x     1 root   wheel      2546 Jul 30  2016 xslt-config
-rwxr-xr-x     1 root   wheel     75040 Jan 13  2017 xsltproc
-rwxr-xr-x    38 root   wheel       811 Jul 31  2016 xsubpp
-rwxr-xr-x     1 root   wheel      4591 Jul 31  2016 xsubpp5.16
-rwxr-xr-x     1 root   wheel      4591 Jul 31  2016 xsubpp5.18
-rwxr-xr-x     1 root   wheel     27264 Jan 13  2017 xxd
-rwxr-xr-x     1 root   wheel     18240 Jan 13  2017 yacc
-rwxr-xr-x     1 root   wheel     17760 Sep 14  2016 yes
-r-xr-xr-x     1 root   wheel     18336 Sep 14  2016 ypcat
-r-xr-xr-x     1 root   wheel     18416 Sep 14  2016 ypmatch
-r-xr-xr-x     1 root   wheel     18992 Sep 14  2016 ypwhich
-rwxr-xr-x     1 root   wheel     52976 Jan 13  2017 zcat
-rwxr-xr-x     2 root   wheel      3264 Aug 19  2016 zcmp
-rwxr-xr-x     2 root   wheel      3264 Aug 19  2016 zdiff
-rwxr-xr-x     1 root   wheel     33872 Jan 13  2017 zegrep
-rwxr-xr-x     1 root   wheel     33872 Jan 13  2017 zfgrep
-rwxr-xr-x     1 root   wheel      1454 Aug 19  2016 zforce
-rwxr-xr-x     1 root   wheel     33872 Jan 13  2017 zgrep
-rwxr-xr-x     1 root   wheel    175920 Sep 14  2016 zip
-rwxr-xr-x     1 root   wheel     82304 Sep 14  2016 zipcloak
-rwxr-xr-x    38 root   wheel       811 Jul 31  2016 zipdetails
-rwxr-xr-x     1 root   wheel     48113 Jul 31  2016 zipdetails5.16
-rwxr-xr-x     1 root   wheel     48113 Jul 31  2016 zipdetails5.18
-rwxr-xr-x     1 root   wheel      2953 Jul 30  2016 zipgrep
-rwxr-xr-x     1 root   wheel    185984 Jan 13  2017 zipinfo
-rwxr-xr-x     1 root   wheel     73360 Sep 14  2016 zipnote
-rwxr-xr-x     1 root   wheel     77600 Sep 14  2016 zipsplit
-rwxr-xr-x     2 root   wheel      2077 Aug 19  2016 zless
-rwxr-xr-x     2 root   wheel      2077 Aug 19  2016 zmore
-rwxr-xr-x     1 root   wheel      3376 Aug 19  2016 znew
-rwxr-xr-x     1 root   wheel     74464 Jan 13  2017 zprint
