                █▀▀▀▀█▄  ▄████████████▄▄   ▄▄▄▀▀██████████▄▄
                  ██████████████████████▀ ▄▀▀▄▄▄█████████████▄▀▄ █▀▀▀▀███░           █▀▀▀████░
                  █████████████████████▌▄▀ ▄████████████████████ █████▄██▒ ░       ░ █▄██████▒
                  ██████████▀▀▄▄▄ ▀▀███▌▓ ▀██████▀▀▀ ▄ ▀▀▀██████ ████████▓ ░       ░ ████████▓
                  █████████ ▄▀   ▀▀■ ███▄██ ███▓  ▄▀▀ ▀▀■  ░████ █████████ ▒       ▒ ████████▓
                  ████████░ ▒       ▄█████▓▐███░ ▒       ░ ░████ ░████████ ▓       ▓ ████████▓
                  ████████▒ ▒      ██████▒░▐███░ ░       ▒ ▒████▌▐████████▌▀▄     ▄▀ █████████
                  ████████▒ ░     ▐██████░ ████░ ░       ░ ▓▓████ ▀████████▄▄▀▀▀▀▀ ▄██████████
                  ████████▒ ░      ▀████▀▄█████░ ░         ██████▌■ ▀████████████████████████▓
                  ████████▓             ▄██████▒         ░ ███████  ■▄ ▀▀▀███████████████████▓
                  ▓████████ ░        ░ ░███████▓ ░       ▒ ██████▌    ▀▀■  ■▄▄▄▄▄▄▄▄ ████████▓
                  ▒███████▓ ▒        ░ ▒███████▓ ▒       ▓ █████▓ ▄███████░        ░ ▓███████▓
                  ░███████▓ ▓        ░ ▀▀▀▄▄▄▄▄▀ ▄▀██▄▄▄ ▀ █▀▀▀▀▒▐████████▒ ░      ▒ ▒██████▄▒
                   ▀██████▓ ▓ ░      ░ ░▒▒▓▒░░░▒▒▒▓▓▒▒▒░▄▄▄ ░▒▓▄  ████████▓ ▒      ▓ ░██████ ░
                  ▄ ▐█▀█░█▒ ▒ ░░    ░░ ░▒░▓▒░░░░░▒▒▒▒▒░░▒░▒░░░▒▒▄  ▀▀██████▌▀▄   ▄▄▀ ░█████▀▄▌
                   █▄█████▒ ▒ ░░░░░░░ ▄▓▓▒░░░░░░░░░          ░░▒▓▄▄█▄▄ ▀████▄▄▀▀▀ ▄▄▓▀██▀▀██▀ ■
                ░ ░██░■███░ ░ ░░░░   ▄▒░░░░░░░░     ░░░░░░    ░░░▒▓▓▒▒▓░ ▀██████████████▀▀ ▄▄▀
                ░░▒███████░▀▐▀░    ░░▒░░░░░░     ▄▄▄▄▄▄▄▄▄▄▄▄    ░░░▒▒▒▓▒▄▄▄▄▄▄▄▄▄▄▄▄▄▄▄■▀▀
                ░░▓███████░▄▐   ░░░░░░░░▄██████████████████████▄    ░░░░▒▓█
                ░░▓███████░▌▐ ░░▒▒▒▒░░░███████▓▒░    ░░▒▒▓▓██████▄ ░░░ ░▒▓█▌ ░░░░ ▄▄▄▄▄▄ ░░░░░░
                ░░▒███████░▌▐ ░░▒░░░░▐██▓▓▓▒░           ░▒▓████████  ░░ ░▒▓▓   ▄█▀▀░▄▄███▄ ░░░░
                ░▀░██▄▄▓▓▓▓▄▐ ░░░░░░▄██▓▒░               ░▒▒████████   ░░░▒▓▌ ▄▀▄▐████████▄ ░░░
                ░░░██▓██▌██▌▐ ▒▒▒░░▄███▓▒░                  ▀░▒█████▌ ░░░░░▓▌ █▐▓██████████
                ░░ ▄▄▌██■▀▓▌▐ ▓▓▓░▐██▓▒                      ░▒█████▌░░░░▒▒▓▒ █░███████████ ░░░
                  ▐▒▒▒▒▒▒▒▒▌▐ ▐▓▓░▐███▒                       ▒█████▌   ░░▒▓▒ ▀▄█▓████████
                ░░▐▓▓▓▓▓▓▓░▌▐  ▓▓▓▐█▓▒░               ░▒▓▓███▄███████   ░▒░▓▓   ▀██▀▀▀▀▀▀ ░░░░░
                ░░▓████████▌░░ ░░▓▐ ░▒▓█▒▄░▄         ▄███████████████▌░░ ░░▓▓ ░  ▄▄▀▀▀▀▀▀▄▄
                ░░▓▓▓▓▓▓▓▓▓▌░░░ ░▓▐ █████████▄    ░▓█████▓▓█████▀█████   ░▒▒▓  ▄▀█▄██████▄██▄ ░
                  ▒████████▌ ░   ░▐▐██▀▀▀▀■  ▓░   ▒▓███░▄▄ ■ ▒ ▐██████▌░░░▒▒▌ ▄█▀████████████ ░
                ░ ▓▓▓▓▓▓▓▓▓▌░░░░ ▐░▒██▄█▄▄▄███▓   ▐████▄█████▄███▒████▌░░▒░█▌ █ █████████████ ░
                ░ ▒▒▒▒▒▒▒▒▒▌▄░░▒░▐  ██████████▒   ░█████████▓▓▀▓▒░█████▌░▒██░ ▀█ ███████████▀ ░
                ░ ░░░░░░░░░▌   ▓ ▐  ░▒▓██▒░▒██░   ▀▒████▓▒░▀      ░█████▄▀██▒  ▀▀▄████████▀▀  ░
                ░ ▐▒▒▒▒▒▒███▀▀▀▒▀ ▌  ▀     ▐██▌    ▓██▓▒          ▒█████████▓▌░    ▀▀▀▀▀    ░░░
                ░ ▐█▓▓▓▓██▌▓░░░░░ ▌        ▄█▓▄▄▄▄█▀ ██▓▒▓       ░▓█████████▓▌  ▄▄▀██▄▄███▄   ░
                ░ ▐███████▌▒░░░░░ ▓▓▓▒    ░██▄▀█▓█▄▓▓▓█████▓   ░▓▐██████████▓  █░███████████
                  ▐███████▌░░░░░░ ███▓▓▒░ ▒▓██▓▒▀▀▀▀▀▒░▒▓▓██▓▒▄▐███████████▓   ▀▄░████████▀   ░
                  ▐█▓▓░▒▓█▌ ░░    ██████▓▓███▓▒  ▀▀     ░▒▓██████████████▓▀ ░░░  ▀▀████▀▀
                ░░▐▄▄▄▄░▒█░ ░░░░░ █████████▓▒▒░░▒▓▓▓▒▒▄▄   ░▒▓███████████▌      ▄██▄▄▄▄█▄  ░░░░
                  ▐▓▓▓▌░▓▓░ ░  ░  ▐███████▓▓▄▄▄ ▀▀▀▀▀▓▓▀▀░  ░░▒██████████▌     ███████████
                  ▐▒▒▒▌░░░▒ ░░░░░  ████████████▓███▓▀▀■    ░▒▓███████████▌░░░░  ▀▀█████▀▀
                ░ ▐▒▒▒▒▒▒▒▌ ░░░░░░░▒████████▓▒░▓▓▓▓▓░   ░░▒▒▓████████████▌     ▄▄▄▄▄      ░░░░░
                  ▐▓▓▓▓▓▓▓▌ ░  ░    ▓████████▓▒ ▒░░   ░ ░▒▓▓▓████████████▌  ▄█▀▄▄▄▄▄▀██▄     ░
                  ▐███████▌ ░░░░░░░  ██████▓▓▒░  ▄▄▄ ░▒▒▓██████████▀▀████▌ █▀▄██████████▌   ░ ░
                  ▐▓▓▓▓▓▓▓▌ ░ ░  ░    ▀▓▓▀▀▀█████████████▀▀▀▀▀▀▀▀█░▐█████▌ █ ███████████▌    ░
                ░ ▐▒▒▒▒▒▒▒▌░░░░░░░░░░░ ▐░     ▀▀▀▀▀▀▀▒▌░         ░▄██████   ▀▄████████▀▀   ░░ ░
                  ▐░░░░░░░▌ ░░ ░   ░   ▐▒            ░▓        ░▄▄█████▓░ ░▄▄▄  ▀▀▀▀    ░░░░░░░
                  ▐░▒▒▒▒▒░▌ ░          ▐██▄          ░▒    ░▄▄▓████████▒  ▀▀▀▀▀▀▀▀▀ ░ ░░░░░░░░░
                  ▐░░░░░░▄▄██████████▄▄▐███▓       ░  ▄▄▄▄▄▓▓█████████▓▌▐███████████▄▄▄  ░░░░ ░
                  ▐░░░▄███████████████▌▐█████▄ ░▒▓▓▓██████████████████▀▄█████████████████▄ ░░░░
                  ▐ ▄█████████▓▓▓▓▓▓██▄ ▀███████████████████████████▀▄████████████████████▌ ░░░
                  ▐▓█████████▓▀▀ ▄ ▀▀▀▀▀ ▀████████▓▓▓▓▓███████████▀▄█████▓▒ ▄ ▀▀▀████████▓█ ▒▒▒
                  ▓▒███████▓▒ ▄▓▓▓▓▒▒▒ ██▄ ▀███████▄░▓█████████▀▀▄██▓▓▒░ ▄▄▀  ▀▀▄ ███████▒█ ▓▓▓
                  ▒▓▓▓█████▓ ▓▓▓▓▒▒░░░ ████▄ ▀▀██████████████▀▄▀░█▓▓▓▓▒ ▐▌ ▄▒░░ ▀ ███████ █ ██▓
                  ░▒▒▓▓▓▓▓▒▓▄▄▄▄▄▄▄▄   ░▒▓███▄▄  ▀▀▀▀▀▀▀▀▀▀▀ ▄█ █▓▓▒▒░░ ▒ ▓▒░░░░░ ███▄▄▄▄▄█ ██▓
                 ░  ▀▒▓▓▓█████▓███████▄▄ ▀░▒▓██▓ ░ ▄▄▄▄ ▀▒ ▒███ █▓▓▒▒▒░ ░ ▒▒▒░░░░ █████████ ▓▓▓
                 ░░ ■▄ ▀▀▒▒▒▓▓▓████▓███▓▓▒▄ ░░▒▒ ░ ▓▓▓▓▓ ░ ▓███ █▓▓▒░░░ ░ ▓▒▒░░░░ ▀▀▀▀▀▀▀▀▀ ▒▒▒
                 ░    ▀▀▀▀▀▄▄▄■▄ ▀▀███████▓▒░ ░▒ ▒ ▒▒▒▒▒ ▒ ████ █▓▒▒░░░ ▒ ▓▓░░░░░░░░░░░░░░░░░░░
                   █▀▀▀███▄ ░▒▓▓▓▓▄▄  ▀█████░░ ░ ▓ ░░░░░ ▒ ████▌▓▒▒▒▒░░ ▓ ▓▓▓▒░   ▄▄▄▄▄▄▄▄▄ ░░░
                 ░░█ ░░░▒▒▓▒ ░▒▒▒▒░░░█ ▓█████▒░  ▐▌ ░░   ▓ ███▓▌▓▓▓▓▓▒▒ ▀▄ ▀▀▀  ▒ █████████ ░░░
                 ▒▒▐▌▒▒▓▓██▓▄ ▀▀▒▒▒▀▀ ▄███████▒░  ▀▄▄▄▄▀▀▀ ███▓▒▌▓█▓▓▓▓▒░ ▀▀▄▄▀▀ ▄▓███▓▓▓▓▓ ▒▒▒
                 ▓▓ █░▓▓████▓▓▓▓▄▄▄▄██████████░▒ ░▒▓▄▄▄▄█████▓▒░ ▄▀▀▀▀██▓▓▒░▄▄▄██▓▒███████▒ ▓▓▓
                 ███▄ ▓▀▀██████████████████▓▓░▒ ░▒▓█████████▓▒░▀▄▀▀▀▀▀▄ ▀▓▓▓▒▒▒█▓████▓▓▓▓▓▒ ███
                 ██▀ ▄█▀  ▄███████████████▓░▒ ░▒▓██████████▓▒░ █▀▄█▀▀█▄▀█▄████████████▒▒▒░ ▄███
                 ▓▓ ██▄ ■▀▀▓███████████▓▒░░  ░▒▓██████▀ ▓▀▓▀ ░▐▌▐██ ▄██▌█▌█████▓▓▓▓▓▓▓▒▒░ ▒░███
                 ▓▓▄▀▀▀ ░▒▄▄▄ ▀██▀ ■ ▄▄▄ ▄▄▀▀▀▄▄▄▄▄▄▄▄ ▀ ▀ ■▄▄▐█ ██ ▀██ █▌██▀ ■ ▄▄▄▄ ■▀▄▄▄▒▒███
                 ▒▒▒▒▓▓▓▒░░░░░░  ▀▀█▀▀▀▀▀ ▄▄▓▄▄▄▄▄▄▄▄▄▄▓▓██▄▄  █▌▀██▄▄▄█▀   ▄▄▓▒▒▒▒▒▒▒░░░ ▒▓███
                 ░▓░▀▀▀▀▀▓▒▓▓▀▓▓▒▄▄  ░░▒▓█▀▀▀▓▒▒▒▒▀▀▀▀▓▒▓▀  ▀▓▄▓█  ▀▀▀▀  ▄▓▓▓▓▓▓▓▓▓▓▒▒▒▒░░▒▓███
                 ░░░ ██▀▄▄ ▀▓▒▒▒▒▓▓ ░▒▓▓▓ ▄█▄▄▄  ▄▄█▄▄  ▄███▄  ▀▄▓█▓▒░░░ ░▒▓▓▓▓▓▓▓▓▒▒▒▒▒░▒▓████
                 ░░▒ ██▌▐█▄ ▓▀▀▀▀▓▀  ▀▀▀▀ ▒▓▌▐▓▒ ▒▓▌▐▓▓ ▓▓▌▐▓█ ▒▓▓▓▒▀   ▀▒▓▓▀▀▀▀▓▀▀▀▀▀▀▀▀▀▀▀███
                 ░░░ ▓▓▌▄▓▀ ▄▄▀█▄  ▓▓▌▐▒░ ▀▀▀▄▄  ▒▓▀▄█▓ ▒▓▌▐▓▒ ▒▒▓▓ ▄█▀█▄▄ ▄▄▀█▄  ░▒▓▓▓▄▄▒▓▄ ██
                 ░░░ ▓▓▀▐▓█ ▓▓▌▐▓█ ▓▓▌▐▒▓ ▄▄ ▐▒░ ▒▓▌▐▓█ ░▒▌    ░▒▒▒ ▒▓▌▐▓█ ▓▓▌▐▓▓ ▓▓▌▐▓▓▌▐▓▓ ▓█
                 ░░░ ▒▒▌▐▓▓ ▒▓▌▐▒▒ ▒▒▌▐▓▓ ▒▓▌▐▓▓ ░▒▌▐▓▓ ░▒▌▐▓▓ ░░░▒ ░▒▌    ▒▒▌▐▓▒ ▒▓▌▐▓▓▌▐▓▓ ▒▓
                 ░░░ ▒▒▌▐▒▒ ░▒▌▐▓▓ ░▒▌▐▓▓ ░▓▌▐▓▓ ░▒▌▐▒▒ ░▒▌▐▓▒  ▄▄  ░░▌▐▓▒ ░▒▌▐▓▒ ▒▒▌▐▒▒▌▐▒▒ ░▒
                 ░░░ ░░▌▐░░  ▀▓▒░▀  ▀▀███ ░▒▓██▀ ░░▌▐▒░  ▀▓██▀ ▀▓▓▀  ░░▓▒▀  ▀░▓▒▀ ░░▌▐▒▒▌▐█▒ ░░
                  ▄ ▄▄▄▄▄▄▄▄█▄▄▄▄▄ ▓█▄█▓▀ ■▄▄▄▄ ▄▄▄■   ■▄▄▄      Roy<SAC>        ▄       ▄   ▒▒
                   ■▀  █  ▄  ▄  ■▀▄■▄ ▄  ▄   █           ■ ▀■      2015        ▀ ▄■░░▒▓▓▒█▒▀▓▓▌
                ▄▒▄▄▄▄▄█▒▌▄▄▄▄▄▄▄▄▄███▄▀█▀▀▀ ▓▀▀▓▀▀█▀▀▀▀▀ ▄▀▀▀▀▀■▄▄▄▄▄▄▄▄▄▄▀▄▄▄▄▓▀█ ▄▄▌█░█▓▄▄██
                 ▄   ▀ █░█▐▀█▀     ▀                     ■                      ░     ▌█▒█▄▄▄▀▄
                ████▄  █ █▐ ▓  ATE - Ansi Text Editor 1.1.0 Beta for Windows    ▒     ▌▐▓█▀ ▀█▄
                 ▀▀ ▀█░█ █  ■      Packaged and Released on September 15, 2015  ░▓░   ■ ███ ▄▄█
                 ▀█▄  ▓█▓█░                                                     ▀     ▄████▄▀▄▓
                  ▄ ████▒████▄▄▄▄▄█▓▒░ ░▒▓███▄█▄ ▄▄▄▓████▓▒▒░ ░▒▓█▄▄   ▄▄██ ███▓▒░ ░▒▓███▓█ ▀ ▓
                     ▄█ █ █▄▀█▀▀▀ ▀▄ ▄▄▄▀■▄▓▄▀▀███▀▀             ▄▀▐█▄█▓▀▀             ░░▓▓░  ▓
                 ▄  ▀▓ ▀▀▄▄▄▀  ▀▄ ▄ █      ▒  ▀██                 ▐▀██▀                 ░▒░   ▓
                  ▀  ▒   ▄   ▀▄ ▄▀▄ █      ░   ▐▌                  ▄█▓                   ░    ▒
                 ░   ░    ▀▄ ▄ ▀▄  ▀█         ■▐▀                  ▐█▌                   ▒    ▒
                    ░▓░ ▄   ▀▄   ▀▄▀█▀▄       ▄▀█▄■                 ▓                   ░▓░   ▒
                  ▀  ▀   ▀▄▀  ▀▄▀  ▀█  ▀▄      ▀▐▀                 ▐▓▌                   ▀    ░
                 ░    ▄ ▄  ▀▄ ▄ ▀▄  █▀▄▀ ▀▄    ▀▌            ░     ▄▒░▄
                 ▒ ▄   ▀▄  ▀ ▀▄   ▀▄█  ▀▄ ▄▀▄               ░▒  ▄■·▒░▒                        ░
                 ▓·■▄▄▄▄▄▄▀■· ·■▀▄▄▄█▄▄▄▄▄▄▄▄▄▄       ▄▄▄▄▄▄▒▓▄▓▄▄▄░▓▄▄▄▄     ■ ▄ ■▄ ▄▄▄▄▄▄■· ▒
                 ▒▀█▀▓▒░            ▀          ▀■· ·■▀     ░░░▓▓ · ■ ▄▄▄▄▓▓▄▄▄      ░  ░▒▓▀█▀ ▓
                 ░  ▀▄ ■▄     Release Notes   ...       ░ ░▒▒▒▓▒ ░░░░░░▒▓▒░ ░ ▀■·     ▄■ ▄▀   ▒
                     ▌   ▀▀■▄▄▄▄▄▄▄▄▄▄▄▄▄▄▄▄▄▄▄▄▄▄▄▄▄▄▄▄▄▄▄▓▓▓▒░  ■▄▄▄▄▄▒▄▄▄▄▄▄▄▄▄▄■▀▀   ▐    ░
                   ▄▀                                      ▒▓▓░         ░                 ▀▄
                 ░▐                                        ░▒▓                              ▌ ░
                 ▒ ▀■·                                      ░▒                           ·■▀  ▒
                 ▓                                                                            ▓
                 █ The First Beta Version of a new ANSI Editing tool like Pablodraw, ACiDDraw █
                 █ or TheDraw for Windows 32/64 Bit Systems.                                  █
                 █                                                                            █
                 █ ATE has a full font system very similar to the one of TheDraw (except for  █
                 █ the "outline" font type) coming already with over 3500!! ready to use      █
                 █ ansi and ascii fonts.                                                      █
                 █                                                                            █
                 █ Import and Export of TheDraw ANSI fonts is supported as well as import     █
                 █ and export of the native .ATEF format (file type specifications are        █
                 █ included).                                                                 █
                 █                                                                            █
                 █ Also supported is the import of Figlet ASCII fonts.                        █
                 █ For backwards compatibility the import of the .AFNT files from the first   █
                 █ beta of this editor is also supported (no export though).                  █
                 █                                                                            █
                 █ Supported Text Formats (Load and Save):                                    █
                 █    .ANS, .ASC, .PCB (PC Board), .WC2 (Wildcat 2.X), .WC3 (Wildcat 3.X),    █
                 █    .AVT (Avatar), .BIN, .TXT (Unicode), .PNG*                              █
                 █    .XB (XBin), .TND (TundraDraw), .ADF (Artworx), .IDF (iCEDraw)           █
                 █                                                                            █
                 █ * ANSIs or ASCIIs that were saved as Bitmap using the default 8x16 Pixels  █
                 █   PC System Font can be imported and are automatically converted to        █
                 █   ANSI text.                                                               █
                 █                                                                            █
                 █ Supported Image Formats (Export):                                          █
                 █    .PNG, .BMP, .JPG, .ICO, .GIF, .TIF, .WMF, .EMF                          █
                 █                                                                            █
                 █ Additional Export Formats:                                                 █
                 █    Unicode: UTF16 and UTF8 (Text) and .HTML Web (ANSI & ASCII)             █
                 █    For ANSI Animations: Animated .GIF, .AVI, .WMV, .MP4, .FLV,             █
                 █                         .MKV, .MPG, .VOB                                   █
                 █                                                                            █
                 █                                                                            █
                 █■ Free Drawing Tool                                                         █
                 █■ Gradient and Solid Fill Functions                                         █
                 █■ Re-Coloring Tool for ANSI Screens and for Fonts                           █
                 █■ Smart Horizontal and Vertical Flip Functions                              █
                 █■ Color Masks, Paint Tool and More                                          █
                 █■ Several dozen font styles, including most major DOS Code Pages,           █
                 █  C64 Set 1 and 2 (PETSCII), Several Amiga Sets and Atari 800 (ATASCII)     █
                 █  Build in System Font Manager to Add New or Delete/Change existing fonts.  █
                 █■ Grid Overlay Feature                                                      █
                 █■ Add Ansi Sizes Supported (Beyond 80 or 160 wide)                          █
                 █■ ANSIs over 100 Lines supported                                            █
                 █■ Alternative Colors and iCE Colors Support (Blinking On/Off)               █
                 █■ Build in Color Palette Editor +Import/Export                              █
                 █■ Customizable Keyboard Function Keys +Import/Export                        █
                 █■ Build in Custom Font Editor +Import/Export                                █
                 █                                                                            █
                 █Extra Features                                                              █
                 █■ Photo/Picture to ANSI Converter Tool.                                     █
                 █  The Converter has currently no settings for tweaking anything,            █
                 █  but it generates very decent results in most cases IMHO.                  █
                 █■ Build-in SixteenColors.net art pack browser, which supports               █
                 █  ASCII, ANSI, ANSI-ANIMATION, .S3M/.XM/.MOD Tracker Module                 █
                 █  Support, Bitmap support, including the old formats .PCX and .IFF/.LBM     █
                 █■ Separate ANSI Viewer too, with the same features as the 16Colors Browser  █
                 █  plus Video support, .TDF TheDraw and .ATEF Font file preview.             █
                 █■ TheDraw TDF Fonts Management Tool                                         █
                 █  (See http://www.roysac.com/roy-tools/tdf-fonts-tool.html)                 █
                 █■ System Fonts Converter/Editor                                             █
                 █  (See http://www.roysac.com/roy-tools/fnt-tool.html)                       █
                 █                                                                            █
                 █                                                                            █
                 █ Notes: This Version is in Large Parts a rewrite of code. Many things are   █
                 █        faster now and most stuff is now done in real-time (especially the  █
                 █        switching between different system fonts)                           █
                 █                                                                            █
                 █ Enjoy!                                                                     █
                 █    Carsten aka Roy/SAC                                                     █
                 █                                                                            █
                 █ p.s. Those tools are freeware. Do with it whatever you like, except        █
                 █      selling it. You can use it free, copy it, share it whatever.          █
                 █      You are using it at your own risk. You cannot make me                 █
                 █      liable for any damage or loss of data that might results directly     █
                 █      or indirectly because of the use of my tools.                         █
                 █                                                                           ▐█
                 ▓                                                                          ■ ▓
                 ▒■                                                                         ▌ ▒
                 ░ ▀▄                                                                     ▄▀  ░
                     ■▄                                                                 ▄■
                 ░     ▀■▄▄▄▄▄▄▄▄▄▄▄▄▄▄▄▄▄▄▄▄▄▄▄▄▄▄▄▄▄▄▄▄▄▄▄▄▄▄▄▄▄▄▄▄▄▄▄▄▄▄▄▄▄▄▄▄▄▄▄▄▄■▀      ░
                 ▒                                           ░                                ▒
                 ▓                                          ░▒  ▄■·                           ▓
                 ▒·■▄▄▄▄▄▄▀■· ·■▀▄▄▄▄▄▄▄▄▄▄▄▄▄▄       ▄▄▄▄▄▄▒▓▄▓▄▄▄▄▄▄▄▄▄     ■ ▄ ■▄ ▄▄▄▄▄▄■·▄▒
                 ░▀█▀▓▒░                       ▀■· ·■▀     ░░░▓▓ · ■ ▄▄▄▄▓▓▄▄▄      ░  ░▒▓▀█▀ ░
                    ▀▄ ■▄     Installation    ...       ░ ░▒▒▒▓▒ ░░░░░░▒▓▒░ ░ ▀■·     ▄■ ▄▀
                     ▌   ▀▀■▄▄▄▄▄▄▄▄▄▄▄▄▄▄▄▄▄▄▄▄▄▄▄▄▄▄▄▄▄▄▄▓▓▓▒░  ■▄▄▄▄▄▒▄▄▄▄▄▄▄▄▄▄■▀▀   ▐    ░
                   ▄▀                                      ▒▓▓░         ░                 ▀▄  ░
                 ░▐                                        ░▒▓                              ▌
                   ▀■·                                      ░▒                           ·■▀  ░
                 ░                                                                            ▒
                 ▒ Run the MSI Windows Installer Package to Install the Tool                  ▓
                 ▓                                                                            █
                 █ Check out the file RoySACcom.exe. It's the release intro & NFO file viewer.▓
                 ▓ Official Tool Page: http://www.roysac.com/roy-tools/ansi-text-editor.html  ▓
                 ▒                                                                           ■▒
                 ░■                                                                         ▌ ░
                   ▒▄                                                                     ▄▀
                   ░ █▄                                                                 ▄■  ▄▀
                   ░ ▓ ▀■▄▄▄▄▄▄▄▄▄▄▄▄▄▄▄▄▄▄▄▄▄▄▄▄▄▄▄▄▄▄▄▄▄▄▄▄▄▄▄▄▄▄▄▄▄▄▄▄▄▄▄▄▄▄▄▄▄▄▄▄▄■▀ ▀▄▀
                     ▒ ▀ ▄▀▄ ▄▄▀▄▀▄▄       ▄▄▄▄▀    ▀▄  ▀▄   ░     ▀▄   ▄▀▄   ▄ ▀▄ ▄▀▄     ▀▄
                     ░■▄▀ ▄▄▀▄▀▀ ▀  ▀▀▄▄▄▀▀           ▀▄  ▀▄░▒  ▄■·  ▀▄▀  ▄▀▄▀  ▄ ▀   ▀▄ ▄▀
                  ·■▄▀▄▄▄█▀■· ·■▀▄▄▄▄▄▄█▄▄▄▄▄▄▄       ▄▄▄▄▄▄▒▓▄▓▄▄▄▄▄▄▄▀▄▀   ▀■ ▄ ■▄ ▄▄▄▀▄▄■·
                  ▀█▀▓▒░  ▀                    ▀■· ·■▀     ░░░▓▓ · ■ ▄▄▄▄▓▓▄▄▄      ░  ░▒▓▀█▀
                    ▀▄ ■▄     Greeting ...              ░ ░▒▒▒▓▒ ░░░░░░▒▓▒░ ░ ▀■·     ▄■ ▄▀
                     ▌   ▀▀■▄▄▄▄▄▄▄▄▄▄▄▄▄▄▄▄▄▄▄▄▄▄▄▄▄▄▄▄▄▄▄▓▓▓▒░  ■▄▄▄▄▄▒▄▄▄▄▄▄▄▄▄▄■▀▀   ▐
                 ░ ▄▀                                      ▒▓▓░         ░                 ▀▄  ░
                 ▒▐                                        ░▒▓                              ▌ ▒
                 ▓ ▀■·                                      ░▒                           ·■▀  ▓
                 █                                           ░                                █
                 █      Defacto2.net, Scene.org, Textfiles.com, Pouet.net                     █
                 █      Demoscene.tv, GfxZone, Intro Inferno, C64.org, OSDM,                  █
                 █      AMP, Edge, Sizteen Colors, Flashtro, Old-Skool.net,                   █
                 █      Untergrund.net, Bitfellas, Exotica and everybody else who             █
                 █      works on preserving the rich history of the scene and makes           █
                 █      it accessible for future generations to enjoy.                        █
                 █                                                                            █
                 █      Group Greetings:                                                      █
                 █      Blocktronix (thanks for keeping the ANSI scene alive and kickin)      █
                 █      CPI (Oldskool forver!)                                                █
                 █      Andomeda Software Development (Your demos rock! Period!)              █
                 █                                                                            █
                 █      Personal Greetings to:                                                █
                 █      Madmax/CPI, Peace/Testaware, Smash/Fairlight, Shamen/Dytec,           █
                 █      DaLezy, Dipswitch, Mandibular Joint Dysfunction, RaD Man/ACiD,        █
                 █      Jason Scott/Textfiles.com, Ben Garrett/Defacto2, my blog readers,     █
                 █      Lord Scarlet/SixteenColors, Zerovision/Blocktronics and everybody     █
                 █      else I know and forgot to mention :)                                  █
                 █                                                                          ▄▀▌
                 ▐▀■                                                                        ▌ ▐
                  ■▀▄                                                                     ▄▀  ▌
                 ▀▄ ▄▀▄                                                                 ▄■▌ ■▀
                  ▄▀   ▀■▄▄▄▄▄▄▄▄▄▄▄▄▄▄▄▄▄▄▄▄▄▄▄▄▄▄▄▄▄▄▄▄▄▄▄▄▄▄▄▄▄▄▄▄▄▄▄▄▄▄▄▄▄▄▄▄▄▄▄▄▄■▀ ▐
                  ▄▀▄ ▄▀▄   ▄▀ ▀▄   ▄▀                      ░                            ▄▀▄▌
                 ▀  ▄▀   ▀▄▀     ▀▄▀                       ░▒  ▄■·                       ■▄▀▄
                 ·■▄▄▄▄▄▄▀■· ·■▀▄▄▄▄▄▄▄▄▄▄▄▄▄▄       ▄▄▄▄▄▄▒▓▄▓▄▄▄▄▄▄▄▄▄     ■ ▄ ■▄ ▄▄▄▄▄█■· ▀▄
                 ▀█▀▓▒░                       ▀■· ·■▀     ░░░▓▓ · ■ ▄▄▄▄▓▓▄▄▄      ░  ░▒▓▀█▀
                   ▀▄ ■▄     Other Stuff ...           ░ ░▒▒▒▓▒ ░░░░░░▒▓▒░ ░ ▀■·     ▄■ ▄▀
                 ▄▀ ▌   ▀▀■▄▄▄▄▄▄▄▄▄▄▄▄▄▄▄▄▄▄▄▄▄▄▄▄▄▄▄▄▄▄▄▓▓▓▒░  ■▄▄▄▄▄▒▄▄▄▄▄▄▄▄▄▄■▀▀   ▐     ░
                  ▄▀                                      ▒▓▓░         ░                 ▀▄ ■·▒
                 ▐       ▄▀▀■       ▄■                    ░▒▓                              ▌  ▓
                ▐ ▀■·  ▄▀    ■▄▄▄▄▀▀                       ░▒                           ·■▀   █
                 █▄▄▄▀▀                                     ░                                 █
                 █                                                                            █
                 █  Check out the intro in this release "RoySACcom.exe" :)                    █
                 █                                                                            █
                 █  and don't forget visiting http://www.RoySAC.com/                          █
                 █  and to check out my blog at http://www.roysac.com/blog/                   █
                 █                                                                            █
                 █  Additional URLs you might want to check out                               █
                 █                                                                            █
                 █  Over 300 demos, cracktros and other scene related videos                  █
                 █  http://www.youtube.com/sacreleases                                        █
                 █                                                                            █
                 █  Scene Images of all sorts                                                 █
                 █  http://www.flickr.com/photos/cumbrowski/collections/72157611288618058/    █
                 █  http://www.flickr.com/photos/cumbrowski/collections/72157612320706642/    █
                 █                                                                            █
                 █  My ASCII Art Academy to learn more about classic Text Art                 █
                 █  http://www.roysac.com/learn/                                              █
                 █                                                                            █
                 █  Links to other useful resources online to learn more about the scene      █
                 █  http://www.roysac.com/roy_links.html                                      █
                 █                                                                            █
                 █  Signing off!                                                              █
                 █                                                                            █
                 █  Roy of Superior Art Creations, CPI, Dytec,                                █
                 █         Razor 1911, TRSI, TDU-Jam, PNS                                     █
                 █                                                                            █
                 ▓  http://www.roysac.com/contact.asp                                         █
                 ▒▀▀■                                                                   ▄▀▀▀ ▓▓
                 ░  █■                                                                  ▄ ▀▄▀ ▒
                 ▓▀▄▀▀█▀▀▀▀▀▀▀▀▀▀▀▀▀▀ ▀ ▀▀▀▀▀▀▀   ▀▀▀▀ ▀▀▀▀▀▀▀▀▀▀▀▀▀▀▀▀▀▀▀▀▀▀▀▀▀▀▀▀▀▀▀▀▀■▄▀ ▄▀▓
                 ▌ ▄■▄▓ NFO FILE CONTENT AND DESIGN BY ROY/SAC IN 2015 -- CHEERS !!!   ▄■ ▄▀▄ ▓
                 ▀▄▄▄▄▀■▄▄▄▄▄▄▄▄▄▄▄▄▄▄▄▄▄▄▄▄▄▄▄▄▄▄▄▄▄▄▄▄▄▄▄▄▄▄▄▄▄▄▄▄▄▄▄▄▄▄▄▄▄▄▄▄▄▄▄▄▄■▀▄▄▄▄▄▄▄
