·
·■▄              ■
▄▄                     ▄▄▄▄▄▄▄█▓▒▄▄          ░▄
▄▄▄▄▓▒░░▒▓███▄▄▄          ▄█████▀▀   ▀█▓▒▒▀          ▒▌
▄▄▓▒▒▓▀▀▀   ▀▀▀███████▄    ▄██▓██▀         █▀    ·    ▄▓█▀
▐▓█▀▀    ·        ▀███▓██  ▐██▓██           ▌      ■▄ ▓█▓▒░▀     ·
▀▌    ▄■           ███▓██ ██▓██▌           ■        ▀▀▒■▄     ▄■
▀■·■    ▄▀       ▐███▓█▌▐▓███            ·  ·■▀▀▀▀▓▒░▒▓█▀█▀■
░  ░░░ · ░  ▄▄█▓▌ ░░░░░░░ ████▓█ ████ ░░░░░░░░░░░░░░░░░░░ ██▓█▓█   ▀▄ ░░░░
░░░░ ■░░ ███▓▓ ░ ·░░░░░ ████▓▌▄▓███ ░░░░░░░░░░░░░░░░░░ ▐███▓▓█ ░░ ▌░░░░  ░
■   ▐██▓▒▓  ■      ▐███▓█ █▓███▌                  ▄██▓▒▒▓█ ·■▀  roy
▄▀    ██▓░▒▓▄▀       ███▓█▌ ▐█▓███         ░      ▄▓██▓▒░▒▓█    in 2003
▐▌     ▓██▓▒▓▌       ▐██▓█▀   ▀██▓██▄▄      ▒    ▄▓██▀ █▓▒▒▓█
█▄   ▐▒▓██▓▓▓▄   ■▄▄███▀        ▀▀▀████▄▄▄▀▓▄████▀▀  ▐██▓▓▓█▌   ▄■·=–––
▀█▓▓▒░▒▓██▓▀▓▒░▒▓▀▀▀              . ▄▀▀▀▒▓▒▀▀. ..__▄█████▓██▄▄▀
■▄▄▄▄▄▄▄▄▄ ▀████ ▄ ▀ ▄▄▄ –   –  ––===–·■▀  ▄▄▄▓▄▄▄▄▄▄▄▄▄▄ ▀████▀ ▄▄▄▄▄▄▄▄▄▄▄■
▓             ▀█                       |      ▀            ██▀              ▓
▒ ░ ░░░░░░░░ ░ ▐  Digital Coders Inc.  : ░░░░ ░  ░   ░ ░░░ █  ░ ░░░░░░░░░ ░ ▒
░                                      .                   ▌                ░
▒ ▀ ▀▀ ▀▀▀▀▀▀▀▀▀▀▀▀▀▀▀▀▀▀▀▀▀▀▀▀▀▀▀▀▀▀▀▀▀▀▀▀▀▀▀▀▀▀▀▀▀▀▀▀▀▀▀  ▀▀▀▀▀▀▀▀▀▀ ▀▀ ▀ ▒
▓                 presents...   blah blub whatever                          ▓
■▄▄▄▄▄▄▄▄▄▄▄▄▄▄▄▄▄▄▄▄▄▄▄▄▄▄▄▄▄▄▄▄▄▄▄▄▄▄▄▄▄▄▄▄▄▄▄▄▄▄▄▄▄▄▄▄▄▄▄▄▄▄▄▄▄▄▄▄▄▄▄▄▄▄▄■
▀█▀                                                                     ▀█▀
▀▄                                                                   ▄▀
▌                                                                   ▐
▄▀                                                                     ▀▄
▐                                                                         ▌
▀■·                                                                   ·■▀
░
░▒  ▄■·
·■▄▄▄▄▄▄▀■· ·■▀▄▄▄▄▄▄▄▄▄▄▄▄▄▄       ▄▄▄▄▄▄▒▓▄▓▄▄▄▄▄▄▄▄▄     ■ ▄ ■▄ ▄▄▄▄▄▄■·
▀█▀▓▒░                       ▀■· ·■▀     ░░░▓▓ · ■ ▄▄▄▄▓▓▄▄▄      ░  ░▒▓▀█▀
▀▄ ■▄     W H A T E V E R ...       ░ ░▒▒▒▓▒ ░░░░░░▒▓▒░ ░ ▀■·     ▄■ ▄▀
▌   ▀▀■▄▄▄▄▄▄▄▄▄▄▄▄▄▄▄▄▄▄▄▄▄▄▄▄▄▄▄▄▄▄▄▓▓▓▒░  ■▄▄▄▄▄▒▄▄▄▄▄▄▄▄▄▄■▀▀   ▐
▄▀                                      ▒▓▓░         ░                 ▀▄
▐                                        ░▒▓                              ▌
▀■·                                      ░▒                           ·■▀
┌ .▌                                      ░                          ▐. ┐
│░:▌                                                                 ▐:░│
│▒|▌                                                                 ▐|▒│
│▓│▌                                                                 ▐│▓│
│█│▌                                                                 ▐│█│
│▓│▌                                                                 ▐│▓│
│▒|▌                                                                 ▐|▒│
│░:▌                                                                 ▐:░│
└ .▌                                                                 ▐. ┘
▄■·'                                                                 `·■▄
▐                                                                         ▌
▀▄                                                                     ▄▀
■▄                                                                 ▄■
▀■▄▄▄▄▄▄▄▄▄▄▄▄▄▄▄▄▄▄▄▄▄▄▄▄▄▄▄▄▄▄▄▄▄▄▄▄▄▄▄▄▄▄▄▄▄▄▄▄▄▄▄▄▄▄▄▄▄▄▄▄▄■▀
