

                                ░░▒▒▓▓▓█▓▄▓▓▓▄▄▄▄▄▄
                            ░░▒▒▓▓▓▓███████████▀ █▄ ▄▄ ▀ ▄
                         ░▒▓▓▓▓█████████████████▒█████▀▄▓▄ ■
                        ▓▓▓▓████████████████████▓██▀░▀█████▓▌
                       ▒▓▓█████████████████████████████▄█▀███
                      ░▓▓▓▓██████████████████████████████████
                      ░▓▓▓▓▓▓█▓█████████████████████████████▓▌
                     ░▒▓█▓██▓▓██████████████████████████████▓▌
                     ░▓▓▓▓▓▓▓▀▀▀▀▀▀▀▀▀████████████████████▓▓▓▓
                     ▒▓▓▀▀              ▀██████▀       ▀▀▀▀▀▓▒
                     ▓▀   ▄██▄▄          ▐████▌     ▄▄▒▓█▀
                         ▀▀▓▄ ▀▀▀        ▐████         ▀▀▓▓░
                           ░            ▄█████▌               ■
                     ░▄    ▀▀█▄▄▄▄▀▀ ▄▄████████▄▄  ▄▄ ▄▄▀▀ ▄▄█▄ ■
                      ▓▓████▀▀█▄▄▄▓▓███████████████▄▄▀▀▀███████▌
                  ▄  ▐▓███████▓████▓███████████████████████████▌▀
                 ▀▓▀ ▓▓▓███▓▓██████████████████████████████████▄
                  ░   ▀▓▓████████████████████████████████████▀▀▓▀
                   ▄▄   ▀▓▓█████████▀▀    ▀▀▀   ▀██████████▀   ▄▄
                ▄▓▀  ░    ▓▓█████████           ▐████████▓    ░  ▀▓▄
            ▄ ▀▐█▌ ░░▒░░  ▐▓█████████▌          ▓███████▓   ░░▒░░ ▐█▌▀ ▄
           ▐▌   ▀▓▄   ░▒░ ░▒▓████████▌         ▐████████▌  ░▒░   ▄▓▀   ▐▌
            ▓▄   ░▀▓▓▄▄    ░▒▓▓█████▀           ▀███████▌    ▄▄▓▓▀░   ▄▓
             ▀█▓▄▄ ░▀▓▓██▄  ▒▓▀▀▀                  ▀▀▀██  ▄██▓▓▀░ ▄▄▓█▀
       ▄▓█▄    ░▀▀▓▓▄▄▀▓███ ░                            ███▓▀▄▄▓▓▀▀░
        ▀▀     ░   ░▓▓█████           ░▄▄▄▄▄▄            █████▓▓░   ░
            ████▓▓▒▒▓███▀▀         ▄▓▒▒▓███████████▄▄     ▀▀███▓▒
            ▐████▓▓▐█▀                ░                       ▀█▌
            ▐████▓▓█▌                          ▐████▓▓▓░       ▐█
             ████▓▌▀▀   ▄▄▄▄   ▄  ▄             █████▓▒        ▀
   ▄▄▓▀      ████▓▌▄▄███████▓▓█▌ █▌  ▄▄█▓▀ ▄▓▄  █████▓▄▄█████▓▄
  ███▌       ▐█████▀▀   ▀████▓▓▀▄ ▀▄▐███▌   ▀   ▐██████▀   ▀██▓▓       ▀
 ▐████▄   ▄▄█████▓▌ ▄▓▄  ▐███▓▓▌▐█ ▐▓████▄   ▄▄██████▓▌▄▄██ ▐█▓▓▌
  ▀▀██████▀▀  ███▓▌  ▀  ▄███▓▓▒▄▀ ▄▓▀ ▀▀█████▀▀  ████▓ ███ ▄█▓▓▀    ▄▓▄  ▀
              ███▓▓ ▄■     ▀█▄▀ ▄█▓              ▐███▓ ███▄▄         ▀  ■
              ▐██▓██▌       ▐█▌▐▄█▓              ▐███▓ ▐███▌  ▄▄▄█████▓▄▄
    ▀    █▄▄▄▓▓████▀█▄    ▄▄██▄██▓▌   * FiLTH *   ███▓ ▐█████████▀▀▀▀████▓
          ▀▀▀  ███▓  ▀█████▓░▐███▓▌ ░       ▄▄▄▄▄ ███▓  ███▓▀▀        ███▓▌
     ▄▓▄     ░ ███▓ ░ ▐██▓▓░ ▐███▓▌ ░ ░    ███▓▓▌ ▐██▓  ██▓▌ ░    ░   ▐██▓ ░
   ▄  ▀   ■  ▒ ▐██▓ ░░ ███▓ ░ ███▓▌ ▒░▒▓▒  ████▓▓ ▐██▓ ░▐█▓ ▒░░ ░ ░▒░ ▐█▓ ░▓
       ▀   ░▒▓ ▐██▓ ▓▒░▐██▓ ▒ ███▓▓▄ ▀▀▓▓░ ▐████▓▌▐█▓▓░▒▐█▓ █▓▒ ░▒░▓▀ ██▌ █▓▒░
        ░ ░▒▓█▓ █▓▒ █▓░▐██▓▒░▓█████▓▓▓▄▄▄▄▄█████▓▓▒▓▒░▌▄███▄ █▓▓▒▀▀ ▄████▄ ▀▓░░
         ▄▄ ▒▓░ █▓░ █▀ ▀▀▀▀▀ ▀▀▀▀▀▀           ▀▀▀▀▀▒░          ▀░ ▀▀▀██▓▀▀▀ ░
      ▄▓▀  ░░▒░ ▓▒                                 ░             ░░ ░  ▀▓▄
  ▄ ▀▐█▌ ░░▒▒░░ ▓░                                                ░░▒▒░ ▐█▌▀ ▄
 ▐▌   ▀▓▄   ▒░░ ▒                                                ░░▒   ▄▓▀   ▐▌
  ▓▄   ░▀▓▓▄▄ ░ ░                                                  ▄▄▓▓▀░   ▄▓
   ▀█▓▄▄ ░▀▓▓██▄▒                                               ▄██▓▓▀░ ▄▄▓█▀
     ░▀▀▓▓▄▄▀▓██▓                                              ▓██▓▀▄▄▓▓▀▀░
     ░   ░▓▓█▀ ▀▓                                              ▓▀ ▀█▓▓░   ░
         ▒▓██▓ ▀                                                ▀ ▓██▓▒
         ▐█▀                                                        ▀█▌
         ▐▌                                                          ▐▌
        ▄▓▀▄                                                        ▄▀▓▄
     ▄█▓▀  ▐█                                                      █▌  ▀▓█▄
    ▐██▌  ▄▀▄                                                      ▄▀▄  ▐██▌
     ▀▓█▄█▌▐▌                                                      ▐▌▐█▄█▓▀
      ░ ▀▀▓▄█▄▄                                                  ▄▄█▄▓▀▀ ░
             ▀▀▀▓▓▄▄▄▄                                    ▄▄▄▄▓▓▀▀▀
                 ░▀▓▓▀▓▓▄                              ▄▓▓▀▓▓▀░
              ░ ░▒░▐▓▌▐▓█▌                            ▐█▓▌▐▓▌░▒░ ░
                 ░ █▀▄█▀▀        """"""""""""""        ▀▀█▄▀█ ░
                 ▄█▀▀                                      ▀▀█▄
                ██▌  xxxxxxxxxxxxxxxxxxxxxxxxxxxxxxxxxxxxxx  ▐██
                 ▀▀  xxxxxxxxxxxxxxxxxxxxxxxxxxxxxxxxxxxxxx  ▀▀
                     xxxxxxxxxxxxxxxxxxxxxxxxxxxxxxxxxxxxxx
                     xxxxxxxxxxxxxxxxxxxxxxxxxxxxxxxxxxxxxx
                     xxxxxxxxxxxxxxxxxxxxxxxxxxxxxxxxxxxxxx
                     xxxxxxxxxxxxxxxxxxxxxxxxxxxxxxxxxxxxxx
                     xxxxxxxxxxxxxxxxxxxxxxxxxxxxxxxxxxxxxx






          ▄                                                          ▄
         █▌                                                          ▐█
         ▀▓▄▄▄                                                    ▄▄▄▓▀
