
                               ▄▄▄▄▄▄▄▄▄▄▄▄▄▄▄▄
                       ▄▄▄█████████████████████████▄▄
                   ▄▄██████████████████████████████████▄▄
                 ▄████████████████████████████████████████▄
               ▄████████████████████████████████████████████▄
              ███████████████████████████████████████████████▓
             █████████████████████████████████████████████████▓
            ███████████████████████████████████████████████████▓
           █▓██████████████████████████████████████████████████▓▓
          █▓▓██████████████████████████████████████████████████▓█▓
         ▐█▓██████████████████████████████████████████████████▓▓▓▓▌
         █▓▓████████████████████████████████████████████████▓▓▓▓▓▒█
         █▒▓█████████████▓▓▓▓▓▓▓▓▓▓▓█████████▓▓▓▓▓▓▓▓▓▓▓██▓▓▓▓▒▓▓░█
        ▐█▄▀▓████████▓▓▓▀▀▀▀▀▀▀▀▀▓▒▒▓▓▓███▓▓▒▒▓▀▀▀░░░░░▀▀████▓▓▓▓ ▒▌
        ▐█▓  ▀████▓▀▀░          ░ ▒▀▒▒▒▒▓▒▒▒▀░            ░▀▀█▓█▌ ▒▌
         █▓  ▒▓█▀░               ░ ░▐▒▒░░▒▒▌░              ░░▒██ ░▒▌
         █▒ ▐▓█▌                  ░▒▀▒▓██▓▓▌              ░ ░░▐▒ ░▓▌
         ▐▓ ▒██                  ░░ ▐█████▓█░             ░░░▒█▓ ░▓▌
         ▐▓░ ▓█▌░░              ░  ▄█████████▄           ░░▒▄▓██▌ ▒
          ▓▒ ▐██▓▒▒░          ░▒▓▄▓████▀░▀░█▓▓█▄▄     ░░░▒▄▓█████ ▒
          ▐▓ ▐██▓█▓▒░░  ░░▄▄▄█████████▌ ░  ░▓▓▓█████▄▄▄▄█████████ ░
         ▄ ▓ ▐██████▓▄▄███████▓▀▓▓▓▓█▓      ▒▓▒▒▓▓▓██▓▀▀▓█▓▓█████ ░
             ███████████▀▀░▒▒▒▒▒▓▓███░       ▓▓▒▒▒▒▓▓▒░░▒▄▄▓▓████▌   ░
       ▄▓▄  ▓█████▓▓▓▓▒▒▒▒▒▄▒▒▒▓▓▓██▌   ░    ▐▓▒▒▒▓▓▒▓▓▓▓▓▓▓▓▓▓█▓▓  ░▒
        ▀    ▀▀▀▓▓▓▀▀▀▓▓▓▓▒▒▓▒█▓█████▄  ▓▄░ ▄██▓▒▒▓▓▒▓█▓▒▀▀▀▓▓▓▀▀   █▓
     ▀▓███▓▓ ▒▓▄ ░ ▄░░  ▀▀▓▒█▓█▓████████▄▄▓████▓▒▓██▓▓▒  ░░▄  ░▒▀  ▀██▀▀
   ▄▄ ▓█ ▄█▄  ▒▓▄ ░▓▒░░  ░ ▓▓█▓███▓██▓████▀█▓███▓▒▓█▒█▌  ░░░▒ ▒▀    █▀ ▒
      ▓█       ▀▓▄ ▒▓▒░░ ░ ▐▓█▓▀▓▀▀▄▄▀▄▄▀▄▄▄▀▄▄▀▀▀▓▀▒▓█ ░░▒▒▓   ▄▓▄ █▓ ▓
      ▓█ ▀        ▀ ▓▒▒░░ ▄ ▄▀▄█▌▓▌██▐███▐█▓▐█▓▌▓█▌▓░▀▄ ░▒▓▓▓    ▀  █▓ ▀▀▀ ▀
      ▀█    ▀████▓▌ ▓▓▒▒░░  ▓▌█▓▐█▐█▓ ▀▓▀ ▓▓▌▀▓▓▐▓▀▐▌▓ ░▒▓▓▓█ ▐▓▓█████▓▒░
      ██ ▌ ░ ██ ▄▄▄ ▐▓▓▓▓▒░  ▀ ▀ ▄ ▄▄▐▓▄▓ ▄▄ █▄▄ ▄ ▄▄  ░▓██▓▌ ▄ ▄▄▄ ██  ▄
      ██░▌ ▓ ██ █  ░▐▓▓██▓▒░ ▄█▐█▓▐█▓▌▓▓▌▐▓▓▐▓▓▌▓█▌▓▐▌░▓████▌     █ █▓ ▀▓▀
      ▓█▒▌ █ ██ ▓  ░▐▓▒▓██▓▓▄▀▀▄▀▀▄▀▀▄▄▀▄▄▀▄▄▀▀▄▀▀▄▀▄▄▓██████     █ █▓
      ██▀▌ █▀██ ▒   ▐▓▒▓▓███████▓█▓▓▓▓▓▒▒▒▒▒▒▒▒▒▒▒▒▓▓▓███████ ▀ ▀▀▀ ██
    ▄ ██ ▌ █ █▄ ░    ▓▓▓██████████▀█▓▓▓▓▓▓▓▓▓▓▓▓▓▓▓▓███████▀  ▄███████▓▒░░ ░
  ▄ ▄▄▓█▄▄ ▓ ██    ░ ▐▓▓███████████████████████████████▀▀
           ▒ ██▐   ░░   ▀▀▀▀▓██████████████████████▀▀  ▄  █▀▀▀▀▀▀▀  ▀
   ▀ ▓███▓ ░ ██▐ █▓░   ░ █▄    ▄  ▀▀▀▀▀▓▓▓▓██▀▀▀    ▀ ██  ▓  ▄▄▄▄▄▄▄▄▄
 ▄▓▄ ██      █▓▐     ░░▒ ██ ▄                       ▓ █▓  ▒  █▓     ▓█ ▄
  ▀  ▓█      █▓▐   ░░▒▒▓ ▓█ ▀▀▀ ▀▀     ░▄▄    ▀▀ ▀▀▀▀ █▓  ░  ▀▀▀▀▀▀▀▀▀▀▀▀  ▀
 ░░▒▓▓███▄████▓▓ ░ ▒▒▓▓▓ ▓██████▓▓████████████▀██████▓▓▓▄          ol
     ▀▀          ▓ ▓▓█▓▓                ▀▀
  ▀▀▀  ▀   ▀ ▀▀▀▀▀ ▓██░▓ █▀▀▀▀▀▀▀ ▀▀           ▀   ▀  ▀▀▀▀▀  ▀▀▀▀▀▀▀██▀▀▀▀▀▀▀▀
                ▓  ███▄▓ ▓ ▄▓▄                                ▄  ▀▓ ▓█ ▀▀
       ▄▄▄▄▀▀▄  █  ▄▀▓▓▓ ░  ▀       w e l c 0 m e      ▀▄▄▄▄▀▀▄ ▄   ▒▓
   ▄▓████████▄▀▄   ██▓▄▄░  ▄                        ▄▓████████▄▀▄▀▄ ░▒
  ▀▄▀▀█████▀  ▀   ▄█▀▀▄█▀▀ ▄▄▄▄  ▄   t 0   t h e   ▀▄██████▀   ▀▓█▄▀ ░  ▓
     ▄▄ ▀▀██▄▀▄▄   ▄██▀▄▓████████▄                  ▄ ▀▀▀▓▓▄  ▀ ░██▀█▄▄▀▀▄
    ▄ ▓▀██████▓███▄▄▓▓█▄▀▀███▓▓▀  ▀▄▄ ▀   ▄  ▄▄       ▄      ▀▄ ░██▒█▀▓▓█▄▄
    ▓ ██▄███▓ ▀▀█████▄▀█ ▓▀▀    ▄▀▀▄▄█▓▀▀▀██▓▄▄▀▄▄▄▀▀▄▄▀  ▄▄██▓▀ ▓█▓██▄ ▀███▄
 ▄ ▄█▄▄█▄███▓▄▓  ▒▀▓▓██▓   ▄▄██ ▄███▓ ▄   ░███▄▓ ▀▄███▓ ▀ ░███▓ ▓▄███▓░   ▓██▓
    ▀ ██████▓ ▓▀ ▓▄███▀▓ ▀███▀█ ███▀▓ █   ░▓██ ▓ ▀███▀▓▄▓ ░███▓ █░███▓    ▐█▀▄
    ▀▐██████▓ █  █ ███░▓  ███░▓ ███░▓ ▓  ▄▄▄▄  ▀ ▐███░▓ ▀ ░▓██▓ ▀ ███▓      ▀
    ▄███████▓ ▄  ▄ ▓███▓ ▀███▀▓▄███▒▓ ▌░▓██████▀▀▓███▒▓▀█████▒▓▄ ▀█▀█▓▌
▄ ▀▀▀▀▓█████▓   ▄  ▄▄█▄▓▄▄  ▀▓▀ ▀█▀█▓▄▀   ▀█▀██▓ ▐████▓ ▓ ░▄█▄█░ ████▓█▄▄
  ▄▓█▄▄▄ ▀▀▓▓█▀  ▀████▄▓▓██▀▀▀▀███▓▓▓████████▓▓▀▀▀▓▓███▄  ▄▓███▄▄████▓▓▓▀▀▀▀ ▀
   ███▀█▓▄█▀▄     ░▄▀▓▀▀▒    ▀   ▄  ▀▀ ▄▄  ▀▀   ▄   ▀▀     ░▀▀     ▀▀      ▄
   ▐██▒█▀▓▓██▄ ▀▄  ███▄▓░  ▄▄▓█▀█████▄▄▄▄▄▀ ▄▄▄▓▄  ▀▀▀ ▄  ▓   ▄▀▀▄▄█▓▀▀▀██▓▄▄▀▄
  ░▐▀█▓██▄ ▀███▄ ▀█▄██▀▓▀ ▓███▓ ▓  ░▓███▀▄▓████████▄▀▓█▄▄ ▀  █▄█▄█▓ ▄   ░███▄▓
  ▓ ████▓░   ▓██▓▄ ▀██░▓ ▓█▀▀██ ▀  ▀▀▀▀   ▀▀███▓▓▀ ▄▀▄██▓██▄▄█▓██▀█ ▄   ░▓███▓
  █▄████▓    ▐██▀  ▀▀█▓▓  ▄▀ ▄▀█▄▄▓█████▄▄ ▓▀▀   ▄▓███▄ ▀▀▄█████▄░▓▀█   ░▓██▓▓
  █ ████▀ ▄▄▒▀ ▄▄▓▀▄▄  ▀  ▄███▓ ▓▀▀░ ███▀▓▌  ▄▄██ ▀███▓   ▄▀▓▓██▓▓▓ █       ▀▀
  ▓ ████▀█▓▓▀▓███▓ ████▄ ▐███▀▓▄   ▓ ███░▓ ▀███▀█ ▓██▀▓   ▓ ████░█▓ ▓  ▄▄▄▄
   ▄█▓▄█▓▀   ▐███▌▐████▓ ▐███▒▓   ░█▀███▓▌  ███░▓ ███░▓▌  █▄████ █▓ ▌░███████▀▀
  ▄ ████▓ ▀ ▓████▄▀███▓▓▌▐████▓▄   ▀▄████▌░▀███▀▓░███▒▓█  ▀ ▀█▀█ ▀▓▄▀   ▀█▀██▓
 ▄▓▄██▀█▀   ▄ ▀▀█▓▌▀▀███▓ ▓▓███▓▓▀▀▀██▓█▓▓▀▀▀▓███▀▀▀████▀ ▀ ▀▀██▓▄▓███▀▀▀▀█▓▓▓▀
  █ ████▓░ ▀▓▀     ▄▄▄▄ ▀  ▄▀▀    ▀    ▀   ▄   ▀     ▄█▄  ▓█▓██▄  █▄▄▄▄▄    ▀
  ▒ █▓██▀    ▄ ▄    ▓████▌▀▓▀  ▄ ▀▄▄▓█████▄ ▀▄▓██▄▄██▀▀█▓▓▄▀██▓░ ██▓▓▀▀▓▓█▄▄ ▀▓
  ░ ▀▓▄▄▓▀   ▄█▄▀▄  ▐██▓█▓  ▄███▓ ▓▀▀░ ██▀█▓ ▐▓███▓▌ ▄▓███▀░██▓  █▓█▓█▄  ▀███▄
   ░█▓██▓ ▀ ▐██▓▓▄ ▄ ██░█▓ ▐███▀▓▄     ██░█▓▌ ▓██▀▓   ▀▓▀  ███▓  ▓▄███     ▓██▓
    █▓▀█▓▄█  ███▓▌ ▓ ██▄█▓ ████▒▓  ▄▀ ▀██▓█▓▌ ███░▓▌   ▒   ███▓  █░███ █   ▐█▀▄
    ██░█▓ █  ███▓  ▓▄▄█▀█▓ ▐████▓▄    ▄████▓ ░███▒▓█   ▓▄ ▀█▀█▓▌ ▀████▀█   ▄▄▀
   ▐██▓█▓ ▀  ▄██▌  ▀ ▓▄▄█▓▌ ▓▓███▓▓▀▀▀██▓█▀ ▄▀▀▀████▀  ▒ ▀████▓█▄▄ ▀▀▀  ▄▄▀▀ ▄▓
   ▀▀███▓▄   ▐██▌   ▄██▓▓▀▀   ▀▀  ▄▄▓▄▄  ▄    ▀   ▀  ▀ ░    ▀▀▀▀▀▀▀▀▀▀▀
  ▀  ▄▄▀▀██▄░▓██▓░▄█▓▀▀
       ▀▀ ▄▀▀████▀▀    N– i– G– H– T–   R– i– S– i– N– G–   W– O– R– L– D–
             ▄▀▀    ▄                                                      ▄
         ▄▓▄ ▀██▓ ░ ▓█  ▄                                                 ▀▓▀
          ▀  █▄▓▓ ▓ ▄▄▄                                                ▀ ▄▄▄
 ▀   ▀▀ ▀▀▀█ ███▓ ▀▓██▓▓▀▀▀▀▀ ▀▀    ▀      ▀      ▀  ▀▀▀▀▀ ▀▀▀▀▀▀▀▀▀▀▀▀▀▓██▓▓
         ▄ ▓ ███▓   ▀▀▀                                                  ▀▀▀
           ░ ███▀   █▄  –=[ xxxxxx ]–[ xxxxxxx ]–[ xxxxxxxx ]–[ xxxx ]=–  █▄
             ███▓   ▄▀                                                    ▀█
             ▄██▓   ▓▓    –=[ xxx ]–[ xxx ]–[ xxxxxxxxxxxx ]–[ xxx ]=–    ▓▄
            ▀██▓▒   █▓                                                    ▓█
         ▀▀▀ █▓▒░ ▀▀▀▀▀                                                ▀ ▀▀▀▀
             ▒░░    ▀                                                     ▀
             ░
