-----BEGIN PGP PUBLIC KEY BLOCK-----

mQINBFM+oeYBEADMTNkOinB/20s5T9Oo3eG39RaE6BQjgegag6x3DxIPQktLdT9L
vsC8OH0ut4KKx8iva62BxNMr8Y24cpMIG0mBgGxDn9U6TaexmhgeTKGZWaS/61Ew
EfgG4QSzQTj2soX9g6uo5HTRnl7cYPUsVRO7NIbNj15F9O6Q1xmnhSs79pyiqQ7/
uNgZJrNXY2ksd1jbfxUsHzV9KY7YjqVmUJEEHA6IHfmjwJ6E5accmHK+Q1RrPJL3
SafFFOlnvtZLW62ZMsEc5H8TsKl73E3fv2jHLkNIGO9mrmfLgBwM/KkuRy4WQVzL
TsgiRGLYKIbgPAFskbYdmH7elWBoUWA7YDw6yXZnysqL0St/g2/vYhVOVcGT9gKV
oTBNGSKDhvfMGSj8lphDOUIshuFkCWGX7XyI5KWPfgDdCTm6I+JPhrTfmrLfDi6V
GSLgX6r8Yulz0clChZlFBgKCmveI+KnCPj3k96pXcyenA9dR2GDQuCUjHSg4lYlp
OTDS7bPXE4KbPNKDFgwHFRJ7oATbzS7hMkLkDnRNEMxAPcZ0EXkEQQmHUHG4tLty
aAuE8vqC4eamd6Jz5GsSz8BK5FzsY0Wr0bK5L9TfkSyaIsAkRuFlI6OEYRfLxIwl
qkgxz0opRCr19V0bZ9UQWcnnQ/JwFc8Iq1Eazj4bWpDAQbvtx5uf+43CEwARAQAB
tB9QaHJhY2sgU3RhZmYgPHN0YWZmQHBocmFjay5vcmc+iQI9BBMBCAAnBQJTPqHm
AhsDBQkJZgGABQsJCAcDBRUKCQgLBRYCAwEAAh4BAheAAAoJEPuBHb1p2hqMRHsP
/iozBA8LTwIPHhfsGURzUP0eCyUmOTkXrKq8rmotwGL2TrDz97J4RYhEOLSQ6o25
7HhKwukNcuYx55HduZDiQ/BtOV2dTqatHo3exiAaFTcGZXtFguJKDpDybyi8z2mS
usIoGwyW6yiNmmjTVm9mV5BDKyHNagKra0ReKMPCTgQP3l+0GUTimNvlZdKkrmxw
yEi7i2xTpDGk3UklWDHuo4kcogRoJ+N+T1w8wv1JbPCXTxp1GoM6z42iG/kWBhpo
1ZG9NCVHGRaAN2en+MzLMf2lj/txuhwSImKvkLR+2XXfu7v0Z+ztBW3V0qez+R2h
0URBFqA8wwF5juc8Ik1M3fsEBbA4mnNIisgToeSsJNkGUw8hJKXsNs3xKppLiOpL
1j05xm5tCQMCUv+RiVW6esjj/jTNijaZLUqxYDhTDZwcNpKYsvE9o7ylkEOtxqHE
2GJCyHwkq1powSZaiLzK5RotOxuElyHdtYE60pacPcijolo7vM2gWJiSFaOz/BmP
CJiAxCeNu5H7xdZ94vLTAsVFaRvRTMlb+iUSHCJF9JQTYBgZ2OtpQ2yyEEL1a1Bi
wqxFxIQzVKzAV74z1SHDJRJR21HeAE85PEDlbGtswtdmqEiJ7jwqzZrk8Pe+onrF
RT31DRBJt45+viOP4bhow1WcBfr3OJ89oPp41+Yk/4BsuQINBFM+oeYBEAC1ciFl
0fCB5p1LDlIy/emTYiUccoRXA5cqbULshyFyBEJSpfI16yK/AkVmUe40L7Y44qwF
HMereGmiMH10CpzE28YiJx+bYsrg32tHErczEs2xtsO4gnGTgJf+1VVtICaoAobr
g0xUAcsevW+10lJtlo2BRDL9mldO4efeAvC9AlX76SgiTCT6LTXUMrNgtnW2HKbI
IZuOHdZAFKmh6NNmUb0ITK47Y4ZZ3wwCYJDiQ+KOjnWEuIwkG+YowflIbZYjB/7b
EZNs26SpWwNHw0XbP9JhyG1JKFauN72YI9/NSUAZmu6pAMy/JNCDfw2rChk+63Q1
mtTNXa13lpb8zRi0cBHEPSibIryyqhabe5dzrucD79ekKfp6m4Ts9B3nL313RHAe
z0ByRSuC/iDjyC5tYc3LH/aR+zFkmz50nV6Cwk0Of1TJ9UBi7kMSSvnZ+gCRabtU
D7cjq3TtraAicUs2yr0YdCiGHU71KGAMwhQIKZ7IxqUcVwDNTxd3wSVeC6GdRph4
5htgIWY3GTw7sjMdkFtZK8QsnmfCuIm+GYGiDqT63lpsBwle0KG3GgvU29OZD91G
323jsXHK+tw4Dvx2lpGfZ+1lNxFZWhLvSjllkNRtkBHOA5BKYOC9EaPktKdq25Ou
POuw3j++iFd3fNqlebQKC4luCp9AG/BfvjM2EwARAQABiQIlBBgBCAAPBQJTPqHm
AhsMBQkJZgGAAAoJEPuBHb1p2hqMke8P/0+O0WYVhBOuzi4V1KBuVZW1CeWNngM/
dEugOZn4GX+MdMPiVuM34LAxcZUWfdhLs1ebsGOKcUSn+aa6xYfotnhWGxxWUoRs
vgtRa7oDKXAEp2/b6QbXUPlK1htrK7kQtdvzqAVktKzWUp8XJxLSMOaN0B6ocS2p
vL2cFs5TPApHvaK0GvmtaC/REcRTgctey0EPzFaCsMAZ3Pxc9b+2rhMYozSkhs0O
gga/EfvhF5+LmB9mtFKGjomrUX7IPwUJ3RPuPZ63MTLqkZLtX833xx1aN4r/u5mD
3KI3rSgrtvDx7zBk0AnN9t9pI5WtEmK7vs1PhDJ+3TIG4Y8cL1u7U91/BE2CdoRB
yHGmJZ5vcmhCbQVWHIqXFw5V9FVjN3ZehmwtQTGkBThgvA4WKOD03Q9DtJKMoPgz
tiukTPBE4ez8zj5vR5SoR3fCWCUBJD+jBKyB+N+KAWUVsnwFKe07dsEAb2Gm6/aF
APChjN9MGeDV0JQR85w7wdGGtDVCNk/Rpg7JMbTgrKB3R1LERbjsOQG3+UeWwUWS
PGccf30uvPcpEVj6SFl78/OjL/xsZYn2+gOGvwChg2UzYJ53r04aPVFyAU4bt8QO
uH6Xyl34RAPjnQdQwMWmwTIv97lJaGU/KCW+RAxXX4iPLXN7GaVZRxQIwYAS4NSP
2tTJXfcKIpxZ
=SOfW
-----END PGP PUBLIC KEY BLOCK-----
<<<<<<<<<<<<<<<<<<<<<<<<<<<<<<<<<<<<<<<<<<<<<<<<<<<<<<<<<<<<<<<<<<<<<<<<<<<
