******** ********  ******** ********  ******** ********  ******** ********
 * IN_0 * * IN_1 *  * IN_2 * * IN_3 *  * IN_4 * * IN_5 *  * IN_6 * * IN_7 *
 ******** ********  ******** ********  ******** ********  ******** ********

    |        |          |       |          |       |          |        |
  H |      H |        H |     H |        H |     H |        H |      H |
    v        v          v       v          v       v          v        v

 <----------------------------- 8x8 = 64 bits --------------------------->

.-------..-------. .-------..-------. .-------..-------. .-------..-------.
\iBox_0 /\iBox_1 / \iBox_2 /\iBox_3 / \iBox_4 /\iBox_5 / \iBox_6 /\iBox_7 /
 '-----'  '-----'   '-----'  '-----'   '-----'  '-----'   '-----'  '-----'

  <----------------------------- 8x4 = 32 bits ------------------------->

    \        /         \        /         \        /          \       /
   H \      / H       H \      / H       H \      / H        H \     / H
      v    v             v    v             v    v              v   v
   .---------.         .---------.        .---------.        .---------.
   \ iBox_8  /         \ iBox_9  /        \ iBox_10 /        \ iBox_11 /
    '-------'           '-------'          '-------'          '-------'

     <------------------------- 4x4 = 16 bits ---------------------->

          \              /                       \             /
        H  \            /  H                   H  \           /  H
            \          /                           \         /
             v        v                             v       v
             .---------.                           .---------.
             \ iBox_12 /                           \ iBox_13 /
              '-------'                             '-------'

                <--------------- 2x4 = 8 bits ----------->

                     \                               /
                      \    H                  H     /
                       '---------.       .---------'
                                 |       |
                                 v       v
                                .---------.
                                \ iBox_14 /
                                 '-------'

                               <- 1x4 bits ->

                                     \
                                    H \           8 bits
                                       \       <--------->
                   Concatenation        '--->  ***********
                    of nibbles                 *  OUT_x  *
                                        .--->  ***********
                                       /
                                    L /
                                     /

                               <- 1x4 bits ->

                                 .-------.
                                / iBox_14 \
                                '---------'
                                ^        ^
                          L     |        |    L
                       .--------'        '--------.
                      /                            \
                     /                              \

                <--------------- 2x4 = 8 bits ----------->

              .-------.                             .-------.
             / iBox_12 \                           / iBox_13 \
             '---------'                           '---------'

             ^        ^                             ^       ^
            /          \                           /         \
        L  /            \  L                   L  /           \ L
          /              \                       /             \

     <------------------------- 4x4 = 16 bits ---------------------->

    .-------.           .-------.          .-------.          .-------.
   / iBox_8  \         / iBox_9  \        / iBox_10 \        / iBox_11 \
   '---------'         '---------'        '---------'        '---------'

      ^    ^             ^    ^             ^    ^              ^   ^
   L /      \ L       L /      \ L       L /      \ L        L /     \ L
    /        \         /        \         /        \          /       \

  <----------------------------- 8x4 = 32 bits ------------------------->

 .-----.  .-----.   .-----.  .-----.   .-----.  .-----.   .-----.  .-----.
/iBox_0 \/iBox_1 \ /iBox_2 \/iBox_3 \ /iBox_4 \/iBox_5 \ /iBox_6 \/iBox_7 \
'-------''-------' '-------''-------' '-------''-------' '-------''-------'

<----------------------------- 8x8 = 64 bits --------------------------->

    ^        ^          ^       ^          ^       ^          ^        ^
  L |      L |        L |     L |        L |     L |        L |      L |
    |        |          |       |          |       |          |        |

 ******** ********  ******** ********  ******** ********  ******** ********
 * IN_0 * * IN_1 *  * IN_2 * * IN_3 *  * IN_4 * * IN_5 *  * IN_6 * * IN_7 *
 ******** ********  ******** ********  ******** ********  ******** ********
