
▄▄▄▄▄▄▄▄▄▄▄▄
░████▓  ▐█▓▓▓▄
▒████▓   ▓█▓▓█▌
▓████▓   ▓████▓                                           ▄
█████▓   ▓████▓                                           ▓█▄
█▓▓▓█▓   ▓████▌                                           ████▄
█▓▓▓█▓ ▄█████▀    ▄▄▄▄▄ ▄▄▄▄▄ ▄▄▄▄▄▄▄▄▄▄▄      ▄▄▄▄▄▄▄    ▀▒███▓  ▄███▄
███████▀▀▓█▓▄   ▄████▌ ▀█▓▓▓█ █▓▓▓█▌ ▐████▄  ▄███▌ ▐█▓▓▄  ■▄███▓▄▀███▓▓█
█████▓▌  ▓█▓▓█  █▓██▓   ▓█▓█▓ ▓▒▒▒▓   ▓██▓█ ▐███▓   ▓▓▓█▌ ▐█▓▓███▀████▓█▌
▓████▓   ▓████▌ ████▓   ▓███▓ ▒░░░▒   ▓████ ████▓   ▓███▓ ▓████▓  ▄█████▀
▓████▓   ▓████▓ ▓███▓   ▓███▓    ▄▄▄▄▄████▀ ▓███▓   ▓███▓ ▓████ ▄████▀▀
▓▓▓▓▓▓   ▓▓▓▓▓▓ ▓▓▓▓▓   ▓▓▓▓▓ ▄████▌        ▓▓▓▓▓   ▓▓▓▓▓ ▓▓▓▓▒▐██▀▀
▓▒▒▒▒▓   ▓▒▒▒▒▓ ▓▒▒▒▓   ▓▒▒▒▓ ▓▒▒▒▓ ▄▐▓▒▒▒▓ ▓▒▒▒▓   ▓▒▒▒▓ ▓▒▒▒░ ▀██▄▄█▀■
▒░░░░▒   ▓░░░░█ ▓░░░▒▌  ▓░░░▓▐▓░░░▓ ▀▐▒░░░▓ ▐▌░░▒▌ ▐▓░░▐▌ ▓░░░ ▒   ▀▀
█▄▄▄▄▓   █▄▄▄▄█ ▄▀▄▄▄█▄▀█▄▄▄▓■▀▄▄▄██▄█▄▄▄▀▄▄ ▀▄▄▄█▄██▄▄▀  ▓▄▄▄▄█ Roy<SAC>
▄▄▄▄▄▄▄▄▄▄▄▄▄  ▄███▄▄▄ ▄▄▄▄▄▄   ▄▄▄▄▄▄   ▄█▓▓▓▄▄   ▄▄▄▄▄▄▓ ▄▄▄▄▄▄▄▄▄▄▄▄▄▄▄▄▄
█▀▀▀▀▀▀▀▀▀▀▀ ▄██▓▒▒▒▒▓ ▓▓▒▒▒▓   ▓████▓ ▄██▓▒▒▒▒▓ ▄██▓▒▒▒▒▓ ▐██▀▀▀  █▀▀█▄▀█▀
█ SHARPER    █▓▓▓░░░░▓ ▓▓▓▓▓▓   ▓████▓ █▓▓▓░░░░▓ █▓▓▓░░░░▓  ███▀▄▄▀  ▄▀▄▀▀▄
█ THAN A        █▒▒░▀■ ▓████▒   ▓▓▓▓▓▓    █▒▒░▀■    █▒▒░▀■  ▀▄██████████▄██▄
█ BLADE, OR     █▄▄██▄ ▓█████   ▓▒▒▒▒▓    █▄▄██▄    █▄▄██▄    █
█ YOUR MONEY    ▓█▓▓█▓ ▐█▓▓██▌  ▓░░░░▓    ▓█▓▓█▓    ▓█▓▓█▓    █
█ BACK !!!!!    ▓████▓  ▀█████▄ ▓▄▄▄▄▓    ▓████▓    ▓████▓    █
█               ▓████▓     ▀▀████████▓    ▓████▓    ▓████▓    █
█               ▓▓▓▓▓▓         ▀█████▓    ▓▓▓▓▓▓    ▓▓▓▓▓▓    █
█               ▓▒▒▒▒▓          █████▓    ▓▒▒▒▒▓    ▓▒▒▒▒▓    █
█               ▓░░░░▌          ▓█▓▓█▓    ▓░░░░▌    ▓░░░░▌    █
█▄▄▄▄           █▓▓▀▀           ▓███▓▓    █▓▓▀▀     █▓▓▀▀     █
█░░░░▒▒▒▓▓▄▄▄▄▄                                   ▄▄▄▄▄▄▄▒▒▓▓██
█░░░░░░░░░░░░░▒▒▒▓▓▓█▄▄▄▄▄▄▄▄▄      ▄▄▄▄▄▄▄▄▄▓▓▓▓▒░░░░░░░░░░░░█
▀▀▀▓▓▓▒▒▒░░░░░░░░░░░░░░░░░░▒▒▓▒▒▓▓▓▓▒▒░░░░░░░░░░░░░▒▒▒▓▓▓█▀▀▀
▀▀▀▀▀▀▀▀▀▓▓▓▓▓▓▒▒░░░░░░░░░░░░░▒▒▓▓▓▓█▀▀▀▀▀
▀▀▀▀▀▀▀▀▀▀▀▀▀
