:: Synchronizing package databases...
downloading core.db...
downloading extra.db...
downloading community.db...
 multilib is up to date
 archlinuxfr is up to date
 catalyst is up to date

                            7 -> 8                    1:2.6-7core/wpa_supplicant

                            -> 2.2.3-1                    2.2.2-1core/expat
                            -> 4.5-2                    4.4-3core/shadow
                            -> 0.9-1                    0.8-2community/opusfile

:: Starting full system upgrade...
resolving dependencies...
looking for conflicting packages...

Packages (4) expat-2.2.3-1  opusfile-0.9-1  shadow-4.5-2  wpa_supplicant-1:2.6-8

Total Download Size:   2.07 MiB
Total Installed Size:  8.68 MiB
Net Upgrade Size:      1.04 MiB

:: Retrieving packages...
downloading expat-2.2.3-1-x86_64.pkg.tar.xz...
downloading shadow-4.5-2-x86_64.pkg.tar.xz...
downloading wpa_supplicant-1:2.6-8-x86_64.pkg.tar.xz...
downloading opusfile-0.9-1-x86_64.pkg.tar.xz...
checking keyring...
checking package integrity...
loading package files...
checking for file conflicts...
checking available disk space...
:: Processing package changes...
upgrading expat...
upgrading opusfile...
upgrading shadow...
upgrading wpa_supplicant...
:: Running post-transaction hooks...
(1/1) Arming ConditionNeedsUpdate...
